[28-Mar-2017 10:36:20 UTC] PHP Notice:  Undefined index: tab in C:\Apache24\htdocs\Editor\jscripts\tiny_mce\plugins\openmanager\index.php on line 54
[28-Mar-2017 10:59:45 UTC] PHP Notice:  Undefined index: tab in C:\Apache24\htdocs\Editor\jscripts\tiny_mce\plugins\openmanager\index.php on line 54
[28-Mar-2017 11:00:03 UTC] PHP Notice:  Undefined index: tab in C:\Apache24\htdocs\Editor\jscripts\tiny_mce\plugins\openmanager\index.php on line 54
[28-Mar-2017 11:00:23 UTC] PHP Notice:  Undefined index: tab in C:\Apache24\htdocs\Editor\jscripts\tiny_mce\plugins\openmanager\index.php on line 54
[28-Mar-2017 11:00:42 UTC] PHP Notice:  Undefined index: tab in C:\Apache24\htdocs\Editor\jscripts\tiny_mce\plugins\openmanager\index.php on line 54
[29-Mar-2017 09:33:28 UTC] PHP Notice:  Undefined index: tab in C:\Apache24\htdocs\Editor\jscripts\tiny_mce\plugins\openmanager\index.php on line 54
[01-Apr-2017 09:20:05 UTC] PHP Notice:  Undefined index: tab in C:\Apache24\htdocs\Editor\jscripts\tiny_mce\plugins\openmanager\index.php on line 54
[01-Apr-2017 10:51:42 UTC] PHP Notice:  Undefined index: tab in C:\Apache24\htdocs\Editor\jscripts\tiny_mce\plugins\openmanager\index.php on line 54
[02-Apr-2017 06:41:03 UTC] PHP Notice:  Undefined index: tab in C:\Apache24\htdocs\Editor\jscripts\tiny_mce\plugins\openmanager\index.php on line 54
[02-Apr-2017 06:41:36 UTC] PHP Notice:  Undefined index: tab in C:\Apache24\htdocs\Editor\jscripts\tiny_mce\plugins\openmanager\index.php on line 54
[02-Apr-2017 06:59:51 UTC] PHP Notice:  Undefined index: tab in C:\Apache24\htdocs\Editor\jscripts\tiny_mce\plugins\openmanager\index.php on line 54
[04-Apr-2017 06:50:41 UTC] PHP Notice:  Undefined index: tab in C:\Apache24\htdocs\Editor\jscripts\tiny_mce\plugins\openmanager\index.php on line 54
[09-Apr-2017 05:17:48 UTC] PHP Notice:  Undefined index: tab in C:\Apache24\htdocs\Editor\jscripts\tiny_mce\plugins\openmanager\index.php on line 54
[16-Apr-2017 06:04:08 UTC] PHP Notice:  Undefined index: tab in C:\Apache24\htdocs\Editor\jscripts\tiny_mce\plugins\openmanager\index.php on line 54
[16-Apr-2017 06:13:19 UTC] PHP Notice:  Undefined index: tab in C:\Apache24\htdocs\Editor\jscripts\tiny_mce\plugins\openmanager\index.php on line 54
[16-Apr-2017 06:30:26 UTC] PHP Notice:  Undefined index: tab in C:\Apache24\htdocs\Editor\jscripts\tiny_mce\plugins\openmanager\index.php on line 54
[16-Apr-2017 06:42:23 UTC] PHP Notice:  Undefined index: tab in C:\Apache24\htdocs\Editor\jscripts\tiny_mce\plugins\openmanager\index.php on line 54
[16-Apr-2017 09:11:27 UTC] PHP Notice:  Undefined index: tab in C:\Apache24\htdocs\Editor\jscripts\tiny_mce\plugins\openmanager\index.php on line 54
[17-Apr-2017 11:39:23 UTC] PHP Notice:  Undefined index: tab in C:\Apache24\htdocs\Editor\jscripts\tiny_mce\plugins\openmanager\index.php on line 54
[19-Apr-2017 09:51:38 UTC] PHP Notice:  Undefined index: tab in C:\Apache24\htdocs\Editor\jscripts\tiny_mce\plugins\openmanager\index.php on line 54
[19-Apr-2017 09:53:39 UTC] PHP Notice:  Undefined index: tab in C:\Apache24\htdocs\Editor\jscripts\tiny_mce\plugins\openmanager\index.php on line 54
[25-Apr-2017 08:26:02 UTC] PHP Notice:  Undefined index: tab in C:\Apache24\htdocs\Editor\jscripts\tiny_mce\plugins\openmanager\index.php on line 54
[25-Apr-2017 08:26:26 UTC] PHP Notice:  Undefined index: tab in C:\Apache24\htdocs\Editor\jscripts\tiny_mce\plugins\openmanager\index.php on line 54
[25-Apr-2017 08:27:35 UTC] PHP Notice:  Undefined index: tab in C:\Apache24\htdocs\Editor\jscripts\tiny_mce\plugins\openmanager\index.php on line 54
[25-Apr-2017 08:28:10 UTC] PHP Notice:  Undefined index: tab in C:\Apache24\htdocs\Editor\jscripts\tiny_mce\plugins\openmanager\index.php on line 54
[25-Apr-2017 08:28:39 UTC] PHP Notice:  Undefined index: tab in C:\Apache24\htdocs\Editor\jscripts\tiny_mce\plugins\openmanager\index.php on line 54
[25-Apr-2017 09:28:00 UTC] PHP Notice:  Undefined index: tab in C:\Apache24\htdocs\Editor\jscripts\tiny_mce\plugins\openmanager\index.php on line 54
[10-May-2017 03:16:00 UTC] PHP Notice:  Undefined index: tab in C:\Apache24\htdocs\Editor\jscripts\tiny_mce\plugins\openmanager\index.php on line 54
[10-May-2017 03:17:06 UTC] PHP Notice:  Undefined index: tab in C:\Apache24\htdocs\Editor\jscripts\tiny_mce\plugins\openmanager\index.php on line 54
[10-May-2017 08:51:42 UTC] PHP Notice:  Undefined index: tab in C:\Apache24\htdocs\Editor\jscripts\tiny_mce\plugins\openmanager\index.php on line 54
[10-May-2017 08:52:11 UTC] PHP Notice:  Undefined index: tab in C:\Apache24\htdocs\Editor\jscripts\tiny_mce\plugins\openmanager\index.php on line 54
[10-May-2017 08:54:27 UTC] PHP Notice:  Undefined index: tab in C:\Apache24\htdocs\Editor\jscripts\tiny_mce\plugins\openmanager\index.php on line 54
[10-May-2017 09:03:56 UTC] PHP Notice:  Undefined index: tab in C:\Apache24\htdocs\Editor\jscripts\tiny_mce\plugins\openmanager\index.php on line 54
[10-May-2017 09:25:22 UTC] PHP Notice:  Undefined index: tab in C:\Apache24\htdocs\Editor\jscripts\tiny_mce\plugins\openmanager\index.php on line 54
[10-May-2017 09:38:28 UTC] PHP Notice:  Undefined index: tab in C:\Apache24\htdocs\Editor\jscripts\tiny_mce\plugins\openmanager\index.php on line 54
[10-May-2017 09:39:52 UTC] PHP Notice:  Undefined index: tab in C:\Apache24\htdocs\Editor\jscripts\tiny_mce\plugins\openmanager\index.php on line 54
[10-May-2017 09:40:14 UTC] PHP Notice:  Undefined index: tab in C:\Apache24\htdocs\Editor\jscripts\tiny_mce\plugins\openmanager\index.php on line 54
[10-May-2017 09:41:23 UTC] PHP Notice:  Undefined index: tab in C:\Apache24\htdocs\Editor\jscripts\tiny_mce\plugins\openmanager\index.php on line 54
[13-May-2017 04:07:20 UTC] PHP Notice:  Undefined index: tab in C:\Apache24\htdocs\Editor\jscripts\tiny_mce\plugins\openmanager\index.php on line 54
[17-May-2017 04:59:25 UTC] PHP Notice:  Undefined index: tab in C:\Apache24\htdocs\Editor\jscripts\tiny_mce\plugins\openmanager\index.php on line 54
[28-May-2017 06:08:19 UTC] PHP Notice:  Undefined index: tab in C:\Apache24\htdocs\Editor\jscripts\tiny_mce\plugins\openmanager\index.php on line 54
[28-May-2017 06:09:37 UTC] PHP Notice:  Undefined index: tab in C:\Apache24\htdocs\Editor\jscripts\tiny_mce\plugins\openmanager\index.php on line 54
[12-Jun-2017 08:36:43 UTC] PHP Notice:  Undefined index: tab in C:\Apache24\htdocs\Editor\jscripts\tiny_mce\plugins\openmanager\index.php on line 54
[12-Jun-2017 08:37:01 UTC] PHP Notice:  Undefined index: tab in C:\Apache24\htdocs\Editor\jscripts\tiny_mce\plugins\openmanager\index.php on line 54
[24-Jun-2017 07:48:20 UTC] PHP Notice:  Undefined index: tab in C:\Apache24\htdocs\Editor\jscripts\tiny_mce\plugins\openmanager\index.php on line 54
[04-Jul-2017 03:59:50 UTC] PHP Notice:  Undefined index: tab in C:\Apache24\htdocs\Editor\jscripts\tiny_mce\plugins\openmanager\index.php on line 54
[04-Jul-2017 04:00:35 UTC] PHP Notice:  Undefined index: tab in C:\Apache24\htdocs\Editor\jscripts\tiny_mce\plugins\openmanager\index.php on line 54
[11-Jul-2017 06:26:53 UTC] PHP Notice:  Undefined index: tab in C:\Apache24\htdocs\Editor\jscripts\tiny_mce\plugins\openmanager\index.php on line 54
[17-Jul-2017 04:16:18 UTC] PHP Notice:  Undefined index: tab in C:\Apache24\htdocs\Editor\jscripts\tiny_mce\plugins\openmanager\index.php on line 54
[17-Jul-2017 04:18:33 UTC] PHP Notice:  Undefined index: tab in C:\Apache24\htdocs\Editor\jscripts\tiny_mce\plugins\openmanager\index.php on line 54
[18-Jul-2017 03:56:41 UTC] PHP Notice:  Undefined index: tab in C:\Apache24\htdocs\Editor\jscripts\tiny_mce\plugins\openmanager\index.php on line 54
[18-Jul-2017 03:56:56 UTC] PHP Notice:  Undefined index: tab in C:\Apache24\htdocs\Editor\jscripts\tiny_mce\plugins\openmanager\index.php on line 54
[18-Jul-2017 03:57:26 UTC] PHP Notice:  Undefined index: tab in C:\Apache24\htdocs\Editor\jscripts\tiny_mce\plugins\openmanager\index.php on line 54
[26-Jul-2017 11:56:05 UTC] PHP Notice:  Undefined index: tab in C:\Apache24\htdocs\Editor\jscripts\tiny_mce\plugins\openmanager\index.php on line 54
[29-Jul-2017 03:23:42 UTC] PHP Notice:  Undefined index: tab in C:\Apache24\htdocs\Editor\jscripts\tiny_mce\plugins\openmanager\index.php on line 54
[29-Jul-2017 07:18:53 UTC] PHP Notice:  Undefined index: tab in C:\Apache24\htdocs\Editor\jscripts\tiny_mce\plugins\openmanager\index.php on line 54
[01-Aug-2017 10:32:44 UTC] PHP Notice:  Undefined index: tab in C:\Apache24\htdocs\Editor\jscripts\tiny_mce\plugins\openmanager\index.php on line 54
[01-Aug-2017 10:34:09 UTC] PHP Notice:  Undefined index: tab in C:\Apache24\htdocs\Editor\jscripts\tiny_mce\plugins\openmanager\index.php on line 54
[02-Aug-2017 04:25:30 UTC] PHP Notice:  Undefined index: tab in C:\Apache24\htdocs\Editor\jscripts\tiny_mce\plugins\openmanager\index.php on line 54
[02-Aug-2017 04:40:11 UTC] PHP Notice:  Undefined index: tab in C:\Apache24\htdocs\Editor\jscripts\tiny_mce\plugins\openmanager\index.php on line 54
[02-Aug-2017 12:15:58 UTC] PHP Notice:  Undefined index: tab in C:\Apache24\htdocs\Editor\jscripts\tiny_mce\plugins\openmanager\index.php on line 54
[02-Aug-2017 12:16:10 UTC] PHP Notice:  Undefined index: tab in C:\Apache24\htdocs\Editor\jscripts\tiny_mce\plugins\openmanager\index.php on line 54
[02-Aug-2017 12:22:33 UTC] PHP Notice:  Undefined index: tab in C:\Apache24\htdocs\Editor\jscripts\tiny_mce\plugins\openmanager\index.php on line 54
[02-Aug-2017 12:24:39 UTC] PHP Notice:  Undefined index: tab in C:\Apache24\htdocs\Editor\jscripts\tiny_mce\plugins\openmanager\index.php on line 54
[06-Aug-2017 09:50:57 UTC] PHP Notice:  Undefined index: tab in C:\Apache24\htdocs\Editor\jscripts\tiny_mce\plugins\openmanager\index.php on line 54
[06-Aug-2017 09:51:05 UTC] PHP Notice:  Undefined index: tab in C:\Apache24\htdocs\Editor\jscripts\tiny_mce\plugins\openmanager\index.php on line 54
[06-Aug-2017 10:05:26 UTC] PHP Notice:  Undefined index: tab in C:\Apache24\htdocs\Editor\jscripts\tiny_mce\plugins\openmanager\index.php on line 54
[06-Aug-2017 11:51:10 UTC] PHP Notice:  Undefined index: tab in C:\Apache24\htdocs\Editor\jscripts\tiny_mce\plugins\openmanager\index.php on line 54
[07-Aug-2017 03:26:34 UTC] PHP Notice:  Undefined index: tab in C:\Apache24\htdocs\Editor\jscripts\tiny_mce\plugins\openmanager\index.php on line 54
[07-Aug-2017 04:10:21 UTC] PHP Notice:  Undefined index: tab in C:\Apache24\htdocs\Editor\jscripts\tiny_mce\plugins\openmanager\index.php on line 54
[07-Aug-2017 04:11:31 UTC] PHP Notice:  Undefined index: tab in C:\Apache24\htdocs\Editor\jscripts\tiny_mce\plugins\openmanager\index.php on line 54
[07-Aug-2017 04:12:01 UTC] PHP Notice:  Undefined index: tab in C:\Apache24\htdocs\Editor\jscripts\tiny_mce\plugins\openmanager\index.php on line 54
[07-Aug-2017 04:13:59 UTC] PHP Notice:  Undefined index: tab in C:\Apache24\htdocs\Editor\jscripts\tiny_mce\plugins\openmanager\index.php on line 54
[07-Aug-2017 04:15:15 UTC] PHP Notice:  Undefined index: tab in C:\Apache24\htdocs\Editor\jscripts\tiny_mce\plugins\openmanager\index.php on line 54
[07-Aug-2017 04:18:33 UTC] PHP Notice:  Undefined index: tab in C:\Apache24\htdocs\Editor\jscripts\tiny_mce\plugins\openmanager\index.php on line 54
[07-Aug-2017 04:19:15 UTC] PHP Notice:  Undefined index: tab in C:\Apache24\htdocs\Editor\jscripts\tiny_mce\plugins\openmanager\index.php on line 54
[07-Aug-2017 04:28:05 UTC] PHP Notice:  Undefined index: tab in C:\Apache24\htdocs\Editor\jscripts\tiny_mce\plugins\openmanager\index.php on line 54
[07-Aug-2017 04:29:13 UTC] PHP Notice:  Undefined index: tab in C:\Apache24\htdocs\Editor\jscripts\tiny_mce\plugins\openmanager\index.php on line 54
[07-Aug-2017 05:30:46 UTC] PHP Notice:  Undefined index: tab in C:\Apache24\htdocs\Editor\jscripts\tiny_mce\plugins\openmanager\index.php on line 54
[07-Aug-2017 05:32:29 UTC] PHP Notice:  Undefined index: tab in C:\Apache24\htdocs\Editor\jscripts\tiny_mce\plugins\openmanager\index.php on line 54
[07-Aug-2017 11:29:56 UTC] PHP Notice:  Undefined index: tab in C:\Apache24\htdocs\Editor\jscripts\tiny_mce\plugins\openmanager\index.php on line 54
[07-Aug-2017 11:44:30 UTC] PHP Notice:  Undefined index: tab in C:\Apache24\htdocs\Editor\jscripts\tiny_mce\plugins\openmanager\index.php on line 54
[08-Aug-2017 04:15:41 UTC] PHP Notice:  Undefined index: tab in C:\Apache24\htdocs\Editor\jscripts\tiny_mce\plugins\openmanager\index.php on line 54
[08-Aug-2017 04:37:17 UTC] PHP Notice:  Undefined index: tab in C:\Apache24\htdocs\Editor\jscripts\tiny_mce\plugins\openmanager\index.php on line 54
[08-Aug-2017 04:37:37 UTC] PHP Notice:  Undefined index: tab in C:\Apache24\htdocs\Editor\jscripts\tiny_mce\plugins\openmanager\index.php on line 54
[08-Aug-2017 04:54:19 UTC] PHP Notice:  Undefined index: tab in C:\Apache24\htdocs\Editor\jscripts\tiny_mce\plugins\openmanager\index.php on line 54
[08-Aug-2017 04:56:54 UTC] PHP Notice:  Undefined index: tab in C:\Apache24\htdocs\Editor\jscripts\tiny_mce\plugins\openmanager\index.php on line 54
[08-Aug-2017 05:45:16 UTC] PHP Notice:  Undefined index: tab in C:\Apache24\htdocs\Editor\jscripts\tiny_mce\plugins\openmanager\index.php on line 54
[08-Aug-2017 05:53:05 UTC] PHP Notice:  Undefined index: tab in C:\Apache24\htdocs\Editor\jscripts\tiny_mce\plugins\openmanager\index.php on line 54
[08-Aug-2017 07:01:29 UTC] PHP Notice:  Undefined index: tab in C:\Apache24\htdocs\Editor\jscripts\tiny_mce\plugins\openmanager\index.php on line 54
[08-Aug-2017 07:32:55 UTC] PHP Notice:  Undefined index: tab in C:\Apache24\htdocs\Editor\jscripts\tiny_mce\plugins\openmanager\index.php on line 54
[08-Aug-2017 07:38:40 UTC] PHP Notice:  Undefined index: tab in C:\Apache24\htdocs\Editor\jscripts\tiny_mce\plugins\openmanager\index.php on line 54
[08-Aug-2017 07:39:35 UTC] PHP Notice:  Undefined index: tab in C:\Apache24\htdocs\Editor\jscripts\tiny_mce\plugins\openmanager\index.php on line 54
[08-Aug-2017 07:45:55 UTC] PHP Notice:  Undefined index: tab in C:\Apache24\htdocs\Editor\jscripts\tiny_mce\plugins\openmanager\index.php on line 54
[08-Aug-2017 08:49:52 UTC] PHP Notice:  Undefined index: tab in C:\Apache24\htdocs\Editor\jscripts\tiny_mce\plugins\openmanager\index.php on line 54
[08-Aug-2017 08:52:30 UTC] PHP Notice:  Undefined index: tab in C:\Apache24\htdocs\Editor\jscripts\tiny_mce\plugins\openmanager\index.php on line 54
[08-Aug-2017 08:53:08 UTC] PHP Notice:  Undefined index: tab in C:\Apache24\htdocs\Editor\jscripts\tiny_mce\plugins\openmanager\index.php on line 54
[08-Aug-2017 08:55:59 UTC] PHP Notice:  Undefined index: tab in C:\Apache24\htdocs\Editor\jscripts\tiny_mce\plugins\openmanager\index.php on line 54
[08-Aug-2017 09:02:14 UTC] PHP Notice:  Undefined index: tab in C:\Apache24\htdocs\Editor\jscripts\tiny_mce\plugins\openmanager\index.php on line 54
[08-Aug-2017 09:04:24 UTC] PHP Notice:  Undefined index: tab in C:\Apache24\htdocs\Editor\jscripts\tiny_mce\plugins\openmanager\index.php on line 54
[08-Aug-2017 09:05:54 UTC] PHP Notice:  Undefined index: tab in C:\Apache24\htdocs\Editor\jscripts\tiny_mce\plugins\openmanager\index.php on line 54
[08-Aug-2017 09:06:50 UTC] PHP Notice:  Undefined index: tab in C:\Apache24\htdocs\Editor\jscripts\tiny_mce\plugins\openmanager\index.php on line 54
[08-Aug-2017 09:11:47 UTC] PHP Notice:  Undefined index: tab in C:\Apache24\htdocs\Editor\jscripts\tiny_mce\plugins\openmanager\index.php on line 54
[08-Aug-2017 09:18:17 UTC] PHP Notice:  Undefined index: tab in C:\Apache24\htdocs\Editor\jscripts\tiny_mce\plugins\openmanager\index.php on line 54
[08-Aug-2017 09:20:17 UTC] PHP Notice:  Undefined index: tab in C:\Apache24\htdocs\Editor\jscripts\tiny_mce\plugins\openmanager\index.php on line 54
[08-Aug-2017 09:23:56 UTC] PHP Notice:  Undefined index: tab in C:\Apache24\htdocs\Editor\jscripts\tiny_mce\plugins\openmanager\index.php on line 54
[08-Aug-2017 09:42:54 UTC] PHP Notice:  Undefined index: tab in C:\Apache24\htdocs\Editor\jscripts\tiny_mce\plugins\openmanager\index.php on line 54
[08-Aug-2017 09:43:51 UTC] PHP Notice:  Undefined index: tab in C:\Apache24\htdocs\Editor\jscripts\tiny_mce\plugins\openmanager\index.php on line 54
[08-Aug-2017 09:49:51 UTC] PHP Notice:  Undefined index: tab in C:\Apache24\htdocs\Editor\jscripts\tiny_mce\plugins\openmanager\index.php on line 54
[08-Aug-2017 09:53:20 UTC] PHP Notice:  Undefined index: tab in C:\Apache24\htdocs\Editor\jscripts\tiny_mce\plugins\openmanager\index.php on line 54
[08-Aug-2017 10:28:15 UTC] PHP Notice:  Undefined index: tab in C:\Apache24\htdocs\Editor\jscripts\tiny_mce\plugins\openmanager\index.php on line 54
[08-Aug-2017 10:32:37 UTC] PHP Notice:  Undefined index: tab in C:\Apache24\htdocs\Editor\jscripts\tiny_mce\plugins\openmanager\index.php on line 54
[08-Aug-2017 10:50:14 UTC] PHP Notice:  Undefined index: tab in C:\Apache24\htdocs\Editor\jscripts\tiny_mce\plugins\openmanager\index.php on line 54
[09-Aug-2017 10:59:24 UTC] PHP Notice:  Undefined index: tab in C:\Apache24\htdocs\Editor\jscripts\tiny_mce\plugins\openmanager\index.php on line 54
[09-Aug-2017 11:03:27 UTC] PHP Notice:  Undefined index: tab in C:\Apache24\htdocs\Editor\jscripts\tiny_mce\plugins\openmanager\index.php on line 54
[13-Aug-2017 07:59:10 UTC] PHP Notice:  Undefined index: tab in C:\Apache24\htdocs\Editor\jscripts\tiny_mce\plugins\openmanager\index.php on line 54
[13-Aug-2017 07:59:50 UTC] PHP Notice:  Undefined index: tab in C:\Apache24\htdocs\Editor\jscripts\tiny_mce\plugins\openmanager\index.php on line 54
[14-Aug-2017 10:57:34 UTC] PHP Notice:  Undefined index: tab in C:\Apache24\htdocs\Editor\jscripts\tiny_mce\plugins\openmanager\index.php on line 54
[16-Aug-2017 03:54:23 UTC] PHP Notice:  Undefined index: tab in C:\Apache24\htdocs\Editor\jscripts\tiny_mce\plugins\openmanager\index.php on line 54
[16-Aug-2017 07:26:54 UTC] PHP Notice:  Undefined index: tab in C:\Apache24\htdocs\Editor\jscripts\tiny_mce\plugins\openmanager\index.php on line 54
[16-Aug-2017 10:33:03 UTC] PHP Notice:  Undefined index: tab in C:\Apache24\htdocs\Editor\jscripts\tiny_mce\plugins\openmanager\index.php on line 54
[16-Aug-2017 10:34:09 UTC] PHP Notice:  Undefined index: tab in C:\Apache24\htdocs\Editor\jscripts\tiny_mce\plugins\openmanager\index.php on line 54
[17-Aug-2017 02:07:00 UTC] PHP Notice:  Undefined index: tab in C:\Apache24\htdocs\Editor\jscripts\tiny_mce\plugins\openmanager\index.php on line 54
[17-Aug-2017 02:09:15 UTC] PHP Notice:  Undefined index: tab in C:\Apache24\htdocs\Editor\jscripts\tiny_mce\plugins\openmanager\index.php on line 54
[17-Aug-2017 02:26:03 UTC] PHP Notice:  Undefined index: tab in C:\Apache24\htdocs\Editor\jscripts\tiny_mce\plugins\openmanager\index.php on line 54
[17-Aug-2017 02:29:08 UTC] PHP Notice:  Undefined index: tab in C:\Apache24\htdocs\Editor\jscripts\tiny_mce\plugins\openmanager\index.php on line 54
[20-Aug-2017 11:18:56 UTC] PHP Notice:  Undefined index: tab in C:\Apache24\htdocs\Editor\jscripts\tiny_mce\plugins\openmanager\index.php on line 54
[25-Aug-2017 07:03:13 UTC] PHP Notice:  Undefined index: tab in C:\Apache24\htdocs\Editor\jscripts\tiny_mce\plugins\openmanager\index.php on line 54
[25-Aug-2017 07:06:44 UTC] PHP Notice:  Undefined index: tab in C:\Apache24\htdocs\Editor\jscripts\tiny_mce\plugins\openmanager\index.php on line 54
[25-Aug-2017 07:11:53 UTC] PHP Notice:  Undefined index: tab in C:\Apache24\htdocs\Editor\jscripts\tiny_mce\plugins\openmanager\index.php on line 54
[25-Aug-2017 07:20:09 UTC] PHP Notice:  Undefined index: tab in C:\Apache24\htdocs\Editor\jscripts\tiny_mce\plugins\openmanager\index.php on line 54
[25-Aug-2017 07:22:30 UTC] PHP Notice:  Undefined index: tab in C:\Apache24\htdocs\Editor\jscripts\tiny_mce\plugins\openmanager\index.php on line 54
[25-Aug-2017 08:40:25 UTC] PHP Notice:  Undefined index: tab in C:\Apache24\htdocs\Editor\jscripts\tiny_mce\plugins\openmanager\index.php on line 54
[25-Aug-2017 10:33:38 UTC] PHP Notice:  Undefined index: tab in C:\Apache24\htdocs\Editor\jscripts\tiny_mce\plugins\openmanager\index.php on line 54
[25-Aug-2017 10:36:20 UTC] PHP Notice:  Undefined index: tab in C:\Apache24\htdocs\Editor\jscripts\tiny_mce\plugins\openmanager\index.php on line 54
[25-Aug-2017 10:39:01 UTC] PHP Notice:  Undefined index: tab in C:\Apache24\htdocs\Editor\jscripts\tiny_mce\plugins\openmanager\index.php on line 54
[25-Aug-2017 10:42:30 UTC] PHP Notice:  Undefined index: tab in C:\Apache24\htdocs\Editor\jscripts\tiny_mce\plugins\openmanager\index.php on line 54
[25-Aug-2017 11:52:29 UTC] PHP Notice:  Undefined index: tab in C:\Apache24\htdocs\Editor\jscripts\tiny_mce\plugins\openmanager\index.php on line 54
[25-Aug-2017 11:54:38 UTC] PHP Notice:  Undefined index: tab in C:\Apache24\htdocs\Editor\jscripts\tiny_mce\plugins\openmanager\index.php on line 54
[25-Aug-2017 11:58:48 UTC] PHP Notice:  Undefined index: tab in C:\Apache24\htdocs\Editor\jscripts\tiny_mce\plugins\openmanager\index.php on line 54
[25-Aug-2017 12:08:21 UTC] PHP Notice:  Undefined index: tab in C:\Apache24\htdocs\Editor\jscripts\tiny_mce\plugins\openmanager\index.php on line 54
[27-Aug-2017 12:33:27 UTC] PHP Notice:  Undefined index: tab in C:\Apache24\htdocs\Editor\jscripts\tiny_mce\plugins\openmanager\index.php on line 54
[27-Aug-2017 12:34:44 UTC] PHP Notice:  Undefined index: tab in C:\Apache24\htdocs\Editor\jscripts\tiny_mce\plugins\openmanager\index.php on line 54
[27-Aug-2017 12:35:12 UTC] PHP Notice:  Undefined index: tab in C:\Apache24\htdocs\Editor\jscripts\tiny_mce\plugins\openmanager\index.php on line 54
[27-Aug-2017 12:37:20 UTC] PHP Notice:  Undefined index: tab in C:\Apache24\htdocs\Editor\jscripts\tiny_mce\plugins\openmanager\index.php on line 54
[27-Aug-2017 12:37:46 UTC] PHP Notice:  Undefined index: tab in C:\Apache24\htdocs\Editor\jscripts\tiny_mce\plugins\openmanager\index.php on line 54
[27-Aug-2017 12:38:24 UTC] PHP Notice:  Undefined index: tab in C:\Apache24\htdocs\Editor\jscripts\tiny_mce\plugins\openmanager\index.php on line 54
[27-Aug-2017 12:41:11 UTC] PHP Notice:  Undefined index: tab in C:\Apache24\htdocs\Editor\jscripts\tiny_mce\plugins\openmanager\index.php on line 54
[27-Aug-2017 12:41:42 UTC] PHP Notice:  Undefined index: tab in C:\Apache24\htdocs\Editor\jscripts\tiny_mce\plugins\openmanager\index.php on line 54
[27-Aug-2017 12:42:02 UTC] PHP Notice:  Undefined index: tab in C:\Apache24\htdocs\Editor\jscripts\tiny_mce\plugins\openmanager\index.php on line 54
[27-Aug-2017 12:42:44 UTC] PHP Notice:  Undefined index: tab in C:\Apache24\htdocs\Editor\jscripts\tiny_mce\plugins\openmanager\index.php on line 54
[28-Aug-2017 13:09:48 UTC] PHP Notice:  Undefined index: tab in C:\Apache24\htdocs\Editor\jscripts\tiny_mce\plugins\openmanager\index.php on line 54
[28-Aug-2017 13:14:53 UTC] PHP Notice:  Undefined index: tab in C:\Apache24\htdocs\Editor\jscripts\tiny_mce\plugins\openmanager\index.php on line 54
[01-Sep-2017 08:46:18 UTC] PHP Notice:  Undefined index: tab in C:\Apache24\htdocs\Editor\jscripts\tiny_mce\plugins\openmanager\index.php on line 54
[04-Sep-2017 07:27:55 UTC] PHP Notice:  Undefined index: tab in C:\Apache24\htdocs\Editor\jscripts\tiny_mce\plugins\openmanager\index.php on line 54
[10-Sep-2017 09:06:55 UTC] PHP Notice:  Undefined index: tab in C:\Apache24\htdocs\Editor\jscripts\tiny_mce\plugins\openmanager\index.php on line 54
[10-Sep-2017 09:14:56 UTC] PHP Notice:  Undefined index: tab in C:\Apache24\htdocs\Editor\jscripts\tiny_mce\plugins\openmanager\index.php on line 54
[13-Sep-2017 06:38:54 UTC] PHP Notice:  Undefined index: tab in C:\Apache24\htdocs\Editor\jscripts\tiny_mce\plugins\openmanager\index.php on line 54
[16-Sep-2017 09:59:52 UTC] PHP Notice:  Undefined index: tab in C:\Apache24\htdocs\Editor\jscripts\tiny_mce\plugins\openmanager\index.php on line 54
[16-Sep-2017 10:03:56 UTC] PHP Notice:  Undefined index: tab in C:\Apache24\htdocs\Editor\jscripts\tiny_mce\plugins\openmanager\index.php on line 54
[17-Sep-2017 03:31:51 UTC] PHP Notice:  Undefined index: tab in C:\Apache24\htdocs\Editor\jscripts\tiny_mce\plugins\openmanager\index.php on line 54
[17-Sep-2017 03:37:15 UTC] PHP Notice:  Undefined index: tab in C:\Apache24\htdocs\Editor\jscripts\tiny_mce\plugins\openmanager\index.php on line 54
[17-Sep-2017 03:42:36 UTC] PHP Notice:  Undefined index: tab in C:\Apache24\htdocs\Editor\jscripts\tiny_mce\plugins\openmanager\index.php on line 54
[17-Sep-2017 03:51:53 UTC] PHP Notice:  Undefined index: tab in C:\Apache24\htdocs\Editor\jscripts\tiny_mce\plugins\openmanager\index.php on line 54
[17-Sep-2017 03:53:45 UTC] PHP Notice:  Undefined index: tab in C:\Apache24\htdocs\Editor\jscripts\tiny_mce\plugins\openmanager\index.php on line 54
[17-Sep-2017 03:57:42 UTC] PHP Notice:  Undefined index: tab in C:\Apache24\htdocs\Editor\jscripts\tiny_mce\plugins\openmanager\index.php on line 54
[17-Sep-2017 04:01:05 UTC] PHP Notice:  Undefined index: tab in C:\Apache24\htdocs\Editor\jscripts\tiny_mce\plugins\openmanager\index.php on line 54
[17-Sep-2017 04:03:55 UTC] PHP Notice:  Undefined index: tab in C:\Apache24\htdocs\Editor\jscripts\tiny_mce\plugins\openmanager\index.php on line 54
[19-Sep-2017 13:43:12 UTC] PHP Notice:  Undefined index: tab in C:\Apache24\htdocs\Editor\jscripts\tiny_mce\plugins\openmanager\index.php on line 54
[19-Sep-2017 13:44:45 UTC] PHP Notice:  Undefined index: tab in C:\Apache24\htdocs\Editor\jscripts\tiny_mce\plugins\openmanager\index.php on line 54
[23-Sep-2017 09:48:12 UTC] PHP Notice:  Undefined index: tab in C:\Apache24\htdocs\Editor\jscripts\tiny_mce\plugins\openmanager\index.php on line 54
[23-Sep-2017 09:49:41 UTC] PHP Notice:  Undefined index: tab in C:\Apache24\htdocs\Editor\jscripts\tiny_mce\plugins\openmanager\index.php on line 54
[25-Sep-2017 09:38:18 UTC] PHP Notice:  Undefined index: tab in C:\Apache24\htdocs\Editor\jscripts\tiny_mce\plugins\openmanager\index.php on line 54
[26-Sep-2017 07:07:52 UTC] PHP Notice:  Undefined index: tab in C:\Apache24\htdocs\Editor\jscripts\tiny_mce\plugins\openmanager\index.php on line 54
[26-Sep-2017 07:09:23 UTC] PHP Notice:  Undefined index: tab in C:\Apache24\htdocs\Editor\jscripts\tiny_mce\plugins\openmanager\index.php on line 54
[26-Sep-2017 14:32:49 UTC] PHP Notice:  Undefined index: tab in C:\Apache24\htdocs\Editor\jscripts\tiny_mce\plugins\openmanager\index.php on line 54
[26-Sep-2017 15:09:13 UTC] PHP Notice:  Undefined index: tab in C:\Apache24\htdocs\Editor\jscripts\tiny_mce\plugins\openmanager\index.php on line 54
[26-Sep-2017 15:18:38 UTC] PHP Notice:  Undefined index: tab in C:\Apache24\htdocs\Editor\jscripts\tiny_mce\plugins\openmanager\index.php on line 54
[26-Sep-2017 15:24:14 UTC] PHP Notice:  Undefined index: tab in C:\Apache24\htdocs\Editor\jscripts\tiny_mce\plugins\openmanager\index.php on line 54
[26-Sep-2017 15:29:25 UTC] PHP Notice:  Undefined index: tab in C:\Apache24\htdocs\Editor\jscripts\tiny_mce\plugins\openmanager\index.php on line 54
[26-Sep-2017 15:36:33 UTC] PHP Notice:  Undefined index: tab in C:\Apache24\htdocs\Editor\jscripts\tiny_mce\plugins\openmanager\index.php on line 54
[26-Sep-2017 15:37:49 UTC] PHP Notice:  Undefined index: tab in C:\Apache24\htdocs\Editor\jscripts\tiny_mce\plugins\openmanager\index.php on line 54
[26-Sep-2017 15:40:22 UTC] PHP Notice:  Undefined index: tab in C:\Apache24\htdocs\Editor\jscripts\tiny_mce\plugins\openmanager\index.php on line 54
[26-Sep-2017 15:45:46 UTC] PHP Notice:  Undefined index: tab in C:\Apache24\htdocs\Editor\jscripts\tiny_mce\plugins\openmanager\index.php on line 54
[26-Sep-2017 15:47:56 UTC] PHP Notice:  Undefined index: tab in C:\Apache24\htdocs\Editor\jscripts\tiny_mce\plugins\openmanager\index.php on line 54
[26-Sep-2017 15:49:51 UTC] PHP Notice:  Undefined index: tab in C:\Apache24\htdocs\Editor\jscripts\tiny_mce\plugins\openmanager\index.php on line 54
[26-Sep-2017 15:53:46 UTC] PHP Notice:  Undefined index: tab in C:\Apache24\htdocs\Editor\jscripts\tiny_mce\plugins\openmanager\index.php on line 54
[26-Sep-2017 15:56:28 UTC] PHP Notice:  Undefined index: tab in C:\Apache24\htdocs\Editor\jscripts\tiny_mce\plugins\openmanager\index.php on line 54
[28-Sep-2017 11:02:18 UTC] PHP Notice:  Undefined index: tab in C:\Apache24\htdocs\Editor\jscripts\tiny_mce\plugins\openmanager\index.php on line 54
[03-Oct-2017 10:38:59 UTC] PHP Notice:  Undefined index: tab in C:\Apache24\htdocs\Editor\jscripts\tiny_mce\plugins\openmanager\index.php on line 54
[03-Oct-2017 10:42:08 UTC] PHP Notice:  Undefined index: tab in C:\Apache24\htdocs\Editor\jscripts\tiny_mce\plugins\openmanager\index.php on line 54
[03-Oct-2017 10:44:55 UTC] PHP Notice:  Undefined index: tab in C:\Apache24\htdocs\Editor\jscripts\tiny_mce\plugins\openmanager\index.php on line 54
[03-Oct-2017 10:44:55 UTC] PHP Deprecated:  Methods with the same name as their class will not be constructors in a future version of PHP; Dir has a deprecated constructor in C:\Apache24\htdocs\Editor\jscripts\tiny_mce\plugins\openmanager\encodeexplorer.php on line 1772
[03-Oct-2017 10:44:55 UTC] PHP Deprecated:  Methods with the same name as their class will not be constructors in a future version of PHP; File has a deprecated constructor in C:\Apache24\htdocs\Editor\jscripts\tiny_mce\plugins\openmanager\encodeexplorer.php on line 1814
[03-Oct-2017 10:44:55 UTC] PHP Notice:  Undefined variable: mediapath in C:\Apache24\htdocs\Editor\jscripts\tiny_mce\plugins\openmanager\encodeexplorer.php on line 339
[03-Oct-2017 10:44:55 UTC] PHP Notice:  Undefined variable: mediapath in C:\Apache24\htdocs\Editor\jscripts\tiny_mce\plugins\openmanager\encodeexplorer.php on line 340
[03-Oct-2017 10:45:58 UTC] PHP Notice:  Undefined index: tab in C:\Apache24\htdocs\Editor\jscripts\tiny_mce\plugins\openmanager\index.php on line 54
[03-Oct-2017 10:45:58 UTC] PHP Deprecated:  Methods with the same name as their class will not be constructors in a future version of PHP; Dir has a deprecated constructor in C:\Apache24\htdocs\Editor\jscripts\tiny_mce\plugins\openmanager\encodeexplorer.php on line 1772
[03-Oct-2017 10:45:58 UTC] PHP Deprecated:  Methods with the same name as their class will not be constructors in a future version of PHP; File has a deprecated constructor in C:\Apache24\htdocs\Editor\jscripts\tiny_mce\plugins\openmanager\encodeexplorer.php on line 1814
[03-Oct-2017 10:45:58 UTC] PHP Notice:  Undefined variable: mediapath in C:\Apache24\htdocs\Editor\jscripts\tiny_mce\plugins\openmanager\encodeexplorer.php on line 339
[03-Oct-2017 10:45:58 UTC] PHP Notice:  Undefined variable: mediapath in C:\Apache24\htdocs\Editor\jscripts\tiny_mce\plugins\openmanager\encodeexplorer.php on line 340
[03-Oct-2017 10:49:00 UTC] PHP Notice:  Undefined index: tab in C:\Apache24\htdocs\Editor\jscripts\tiny_mce\plugins\openmanager\index.php on line 54
[03-Oct-2017 10:50:51 UTC] PHP Notice:  Undefined index: tab in C:\Apache24\htdocs\Editor\jscripts\tiny_mce\plugins\openmanager\index.php on line 54
[03-Oct-2017 10:51:51 UTC] PHP Notice:  Undefined index: tab in C:\Apache24\htdocs\Editor\jscripts\tiny_mce\plugins\openmanager\index.php on line 54
[03-Oct-2017 11:02:26 UTC] PHP Notice:  Undefined index: tab in C:\Apache24\htdocs\Editor\jscripts\tiny_mce\plugins\openmanager\index.php on line 54
[03-Oct-2017 11:03:49 UTC] PHP Notice:  Undefined index: tab in C:\Apache24\htdocs\Editor\jscripts\tiny_mce\plugins\openmanager\index.php on line 54
[03-Oct-2017 11:05:48 UTC] PHP Notice:  Undefined index: tab in C:\Apache24\htdocs\Editor\jscripts\tiny_mce\plugins\openmanager\index.php on line 54
[03-Oct-2017 11:07:13 UTC] PHP Notice:  Undefined index: tab in C:\Apache24\htdocs\Editor\jscripts\tiny_mce\plugins\openmanager\index.php on line 54
[03-Oct-2017 11:10:38 UTC] PHP Notice:  Undefined index: tab in C:\Apache24\htdocs\Editor\jscripts\tiny_mce\plugins\openmanager\index.php on line 54
[09-Oct-2017 11:10:12 UTC] PHP Notice:  Undefined index: tab in C:\Apache24\htdocs\Editor\jscripts\tiny_mce\plugins\openmanager\index.php on line 54
[09-Oct-2017 11:10:48 UTC] PHP Notice:  Undefined index: tab in C:\Apache24\htdocs\Editor\jscripts\tiny_mce\plugins\openmanager\index.php on line 54
[09-Oct-2017 11:11:16 UTC] PHP Notice:  Undefined index: tab in C:\Apache24\htdocs\Editor\jscripts\tiny_mce\plugins\openmanager\index.php on line 54
[09-Oct-2017 11:11:46 UTC] PHP Notice:  Undefined index: tab in C:\Apache24\htdocs\Editor\jscripts\tiny_mce\plugins\openmanager\index.php on line 54
[09-Oct-2017 11:13:43 UTC] PHP Notice:  Undefined index: tab in C:\Apache24\htdocs\Editor\jscripts\tiny_mce\plugins\openmanager\index.php on line 54
[09-Oct-2017 11:15:12 UTC] PHP Notice:  Undefined index: tab in C:\Apache24\htdocs\Editor\jscripts\tiny_mce\plugins\openmanager\index.php on line 54
[10-Oct-2017 04:27:35 UTC] PHP Notice:  Undefined index: tab in C:\Apache24\htdocs\Editor\jscripts\tiny_mce\plugins\openmanager\index.php on line 54
[10-Oct-2017 04:33:47 UTC] PHP Notice:  Undefined index: tab in C:\Apache24\htdocs\Editor\jscripts\tiny_mce\plugins\openmanager\index.php on line 54
[10-Oct-2017 04:40:05 UTC] PHP Notice:  Undefined index: tab in C:\Apache24\htdocs\Editor\jscripts\tiny_mce\plugins\openmanager\index.php on line 54
[17-Oct-2017 05:13:52 UTC] PHP Notice:  Undefined index: tab in C:\Apache24\htdocs\Editor\jscripts\tiny_mce\plugins\openmanager\index.php on line 54
[17-Oct-2017 07:44:13 UTC] PHP Notice:  Undefined index: tab in C:\Apache24\htdocs\Editor\jscripts\tiny_mce\plugins\openmanager\index.php on line 54
[17-Oct-2017 07:55:42 UTC] PHP Notice:  Undefined index: tab in C:\Apache24\htdocs\Editor\jscripts\tiny_mce\plugins\openmanager\index.php on line 54
[17-Oct-2017 07:57:27 UTC] PHP Notice:  Undefined index: tab in C:\Apache24\htdocs\Editor\jscripts\tiny_mce\plugins\openmanager\index.php on line 54
[17-Oct-2017 07:59:05 UTC] PHP Notice:  Undefined index: tab in C:\Apache24\htdocs\Editor\jscripts\tiny_mce\plugins\openmanager\index.php on line 54
[17-Oct-2017 08:02:30 UTC] PHP Notice:  Undefined index: tab in C:\Apache24\htdocs\Editor\jscripts\tiny_mce\plugins\openmanager\index.php on line 54
[17-Oct-2017 08:05:17 UTC] PHP Notice:  Undefined index: tab in C:\Apache24\htdocs\Editor\jscripts\tiny_mce\plugins\openmanager\index.php on line 54
[17-Oct-2017 08:06:21 UTC] PHP Notice:  Undefined index: tab in C:\Apache24\htdocs\Editor\jscripts\tiny_mce\plugins\openmanager\index.php on line 54
[17-Oct-2017 08:09:25 UTC] PHP Notice:  Undefined index: tab in C:\Apache24\htdocs\Editor\jscripts\tiny_mce\plugins\openmanager\index.php on line 54
[17-Oct-2017 08:10:40 UTC] PHP Notice:  Undefined index: tab in C:\Apache24\htdocs\Editor\jscripts\tiny_mce\plugins\openmanager\index.php on line 54
[17-Oct-2017 08:20:27 UTC] PHP Notice:  Undefined index: tab in C:\Apache24\htdocs\Editor\jscripts\tiny_mce\plugins\openmanager\index.php on line 54
[17-Oct-2017 08:23:47 UTC] PHP Notice:  Undefined index: tab in C:\Apache24\htdocs\Editor\jscripts\tiny_mce\plugins\openmanager\index.php on line 54
[17-Oct-2017 08:27:57 UTC] PHP Notice:  Undefined index: tab in C:\Apache24\htdocs\Editor\jscripts\tiny_mce\plugins\openmanager\index.php on line 54
[22-Oct-2017 06:11:01 UTC] PHP Notice:  Undefined index: tab in C:\Apache24\htdocs\Editor\jscripts\tiny_mce\plugins\openmanager\index.php on line 54
[22-Oct-2017 06:15:24 UTC] PHP Notice:  Undefined index: tab in C:\Apache24\htdocs\Editor\jscripts\tiny_mce\plugins\openmanager\index.php on line 54
[22-Oct-2017 06:32:49 UTC] PHP Notice:  Undefined index: tab in C:\Apache24\htdocs\Editor\jscripts\tiny_mce\plugins\openmanager\index.php on line 54
[22-Oct-2017 06:35:50 UTC] PHP Notice:  Undefined index: tab in C:\Apache24\htdocs\Editor\jscripts\tiny_mce\plugins\openmanager\index.php on line 54
[22-Oct-2017 06:48:35 UTC] PHP Notice:  Undefined index: tab in C:\Apache24\htdocs\Editor\jscripts\tiny_mce\plugins\openmanager\index.php on line 54
[22-Oct-2017 07:25:13 UTC] PHP Notice:  Undefined index: tab in C:\Apache24\htdocs\Editor\jscripts\tiny_mce\plugins\openmanager\index.php on line 54
[22-Oct-2017 10:36:59 UTC] PHP Notice:  Undefined index: tab in C:\Apache24\htdocs\Editor\jscripts\tiny_mce\plugins\openmanager\index.php on line 54
[22-Oct-2017 10:38:04 UTC] PHP Notice:  Undefined index: tab in C:\Apache24\htdocs\Editor\jscripts\tiny_mce\plugins\openmanager\index.php on line 54
[28-Oct-2017 07:38:01 UTC] PHP Notice:  Undefined index: tab in C:\Apache24\htdocs\Editor\jscripts\tiny_mce\plugins\openmanager\index.php on line 54
[28-Oct-2017 07:42:24 UTC] PHP Notice:  Undefined index: tab in C:\Apache24\htdocs\Editor\jscripts\tiny_mce\plugins\openmanager\index.php on line 54
[28-Oct-2017 07:44:50 UTC] PHP Notice:  Undefined index: tab in C:\Apache24\htdocs\Editor\jscripts\tiny_mce\plugins\openmanager\index.php on line 54
[28-Oct-2017 07:46:41 UTC] PHP Notice:  Undefined index: tab in C:\Apache24\htdocs\Editor\jscripts\tiny_mce\plugins\openmanager\index.php on line 54
[01-Nov-2017 05:58:36 UTC] PHP Notice:  Undefined index: tab in C:\Apache24\htdocs\Editor\jscripts\tiny_mce\plugins\openmanager\index.php on line 54
[01-Nov-2017 06:01:33 UTC] PHP Notice:  Undefined index: tab in C:\Apache24\htdocs\Editor\jscripts\tiny_mce\plugins\openmanager\index.php on line 54
[01-Nov-2017 06:08:01 UTC] PHP Notice:  Undefined index: tab in C:\Apache24\htdocs\Editor\jscripts\tiny_mce\plugins\openmanager\index.php on line 54
[01-Nov-2017 06:30:30 UTC] PHP Notice:  Undefined index: tab in C:\Apache24\htdocs\Editor\jscripts\tiny_mce\plugins\openmanager\index.php on line 54
[05-Nov-2017 04:42:26 UTC] PHP Notice:  Undefined index: tab in C:\Apache24\htdocs\Editor\jscripts\tiny_mce\plugins\openmanager\index.php on line 54
[05-Nov-2017 05:12:24 UTC] PHP Notice:  Undefined index: tab in C:\Apache24\htdocs\Editor\jscripts\tiny_mce\plugins\openmanager\index.php on line 54
[05-Nov-2017 05:16:32 UTC] PHP Notice:  Undefined index: tab in C:\Apache24\htdocs\Editor\jscripts\tiny_mce\plugins\openmanager\index.php on line 54
[05-Nov-2017 05:21:42 UTC] PHP Notice:  Undefined index: tab in C:\Apache24\htdocs\Editor\jscripts\tiny_mce\plugins\openmanager\index.php on line 54
[05-Nov-2017 06:18:54 UTC] PHP Notice:  Undefined index: tab in C:\Apache24\htdocs\Editor\jscripts\tiny_mce\plugins\openmanager\index.php on line 54
[05-Nov-2017 06:19:52 UTC] PHP Notice:  Undefined index: tab in C:\Apache24\htdocs\Editor\jscripts\tiny_mce\plugins\openmanager\index.php on line 54
[05-Nov-2017 06:23:08 UTC] PHP Notice:  Undefined index: tab in C:\Apache24\htdocs\Editor\jscripts\tiny_mce\plugins\openmanager\index.php on line 54
[05-Nov-2017 06:47:50 UTC] PHP Notice:  Undefined index: tab in C:\Apache24\htdocs\Editor\jscripts\tiny_mce\plugins\openmanager\index.php on line 54
[05-Nov-2017 07:01:52 UTC] PHP Notice:  Undefined index: tab in C:\Apache24\htdocs\Editor\jscripts\tiny_mce\plugins\openmanager\index.php on line 54
[06-Nov-2017 07:21:34 UTC] PHP Notice:  Undefined index: tab in C:\Apache24\htdocs\Editor\jscripts\tiny_mce\plugins\openmanager\index.php on line 54
[06-Nov-2017 07:29:43 UTC] PHP Notice:  Undefined index: tab in C:\Apache24\htdocs\Editor\jscripts\tiny_mce\plugins\openmanager\index.php on line 54
[06-Nov-2017 07:40:50 UTC] PHP Notice:  Undefined index: tab in C:\Apache24\htdocs\Editor\jscripts\tiny_mce\plugins\openmanager\index.php on line 54
[06-Nov-2017 07:46:03 UTC] PHP Notice:  Undefined index: tab in C:\Apache24\htdocs\Editor\jscripts\tiny_mce\plugins\openmanager\index.php on line 54
[06-Nov-2017 07:46:19 UTC] PHP Notice:  Undefined index: tab in C:\Apache24\htdocs\Editor\jscripts\tiny_mce\plugins\openmanager\index.php on line 54
[11-Nov-2017 10:58:29 UTC] PHP Notice:  Undefined index: tab in C:\Apache24\htdocs\Editor\jscripts\tiny_mce\plugins\openmanager\index.php on line 54
[11-Nov-2017 10:58:54 UTC] PHP Notice:  Undefined index: tab in C:\Apache24\htdocs\Editor\jscripts\tiny_mce\plugins\openmanager\index.php on line 54
[15-Nov-2017 09:54:28 UTC] PHP Notice:  Undefined index: tab in C:\Apache24\htdocs\Editor\jscripts\tiny_mce\plugins\openmanager\index.php on line 54
[15-Nov-2017 09:55:22 UTC] PHP Notice:  Undefined index: tab in C:\Apache24\htdocs\Editor\jscripts\tiny_mce\plugins\openmanager\index.php on line 54
[18-Nov-2017 07:00:10 UTC] PHP Notice:  Undefined index: tab in C:\Apache24\htdocs\Editor\jscripts\tiny_mce\plugins\openmanager\index.php on line 54
[18-Nov-2017 07:01:20 UTC] PHP Notice:  Undefined index: tab in C:\Apache24\htdocs\Editor\jscripts\tiny_mce\plugins\openmanager\index.php on line 54
[20-Nov-2017 06:36:12 UTC] PHP Notice:  Undefined index: tab in C:\Apache24\htdocs\Editor\jscripts\tiny_mce\plugins\openmanager\index.php on line 54
[25-Nov-2017 09:11:37 UTC] PHP Notice:  Undefined index: tab in C:\Apache24\htdocs\Editor\jscripts\tiny_mce\plugins\openmanager\index.php on line 54
[25-Nov-2017 09:15:32 UTC] PHP Notice:  Undefined index: tab in C:\Apache24\htdocs\Editor\jscripts\tiny_mce\plugins\openmanager\index.php on line 54
[25-Nov-2017 09:20:26 UTC] PHP Notice:  Undefined index: tab in C:\Apache24\htdocs\Editor\jscripts\tiny_mce\plugins\openmanager\index.php on line 54
[25-Nov-2017 10:18:47 UTC] PHP Notice:  Undefined index: tab in C:\Apache24\htdocs\Editor\jscripts\tiny_mce\plugins\openmanager\index.php on line 54
[25-Nov-2017 10:19:20 UTC] PHP Notice:  Undefined index: tab in C:\Apache24\htdocs\Editor\jscripts\tiny_mce\plugins\openmanager\index.php on line 54
[25-Nov-2017 10:22:18 UTC] PHP Notice:  Undefined index: tab in C:\Apache24\htdocs\Editor\jscripts\tiny_mce\plugins\openmanager\index.php on line 54
[28-Nov-2017 06:01:27 UTC] PHP Notice:  Undefined index: tab in C:\Apache24\htdocs\Editor\jscripts\tiny_mce\plugins\openmanager\index.php on line 54
[29-Nov-2017 05:10:53 UTC] PHP Notice:  Undefined index: tab in C:\Apache24\htdocs\Editor\jscripts\tiny_mce\plugins\openmanager\index.php on line 54
[29-Nov-2017 05:10:53 UTC] PHP Deprecated:  Methods with the same name as their class will not be constructors in a future version of PHP; Dir has a deprecated constructor in C:\Apache24\htdocs\Editor\jscripts\tiny_mce\plugins\openmanager\encodeexplorer.php on line 1772
[29-Nov-2017 05:10:53 UTC] PHP Deprecated:  Methods with the same name as their class will not be constructors in a future version of PHP; Dir has a deprecated constructor in C:\Apache24\htdocs\Editor\jscripts\tiny_mce\plugins\openmanager\encodeexplorer.php on line 1772
[29-Nov-2017 05:10:53 UTC] PHP Deprecated:  Methods with the same name as their class will not be constructors in a future version of PHP; File has a deprecated constructor in C:\Apache24\htdocs\Editor\jscripts\tiny_mce\plugins\openmanager\encodeexplorer.php on line 1814
[29-Nov-2017 05:10:53 UTC] PHP Deprecated:  Methods with the same name as their class will not be constructors in a future version of PHP; File has a deprecated constructor in C:\Apache24\htdocs\Editor\jscripts\tiny_mce\plugins\openmanager\encodeexplorer.php on line 1814
[29-Nov-2017 05:10:53 UTC] PHP Notice:  Undefined variable: mediapath in C:\Apache24\htdocs\Editor\jscripts\tiny_mce\plugins\openmanager\encodeexplorer.php on line 339
[29-Nov-2017 05:10:53 UTC] PHP Notice:  Undefined variable: mediapath in C:\Apache24\htdocs\Editor\jscripts\tiny_mce\plugins\openmanager\encodeexplorer.php on line 340
[29-Nov-2017 05:10:53 UTC] PHP Notice:  Undefined variable: mediapath in C:\Apache24\htdocs\Editor\jscripts\tiny_mce\plugins\openmanager\encodeexplorer.php on line 339
[29-Nov-2017 05:10:53 UTC] PHP Notice:  Undefined variable: mediapath in C:\Apache24\htdocs\Editor\jscripts\tiny_mce\plugins\openmanager\encodeexplorer.php on line 340
[29-Nov-2017 05:12:07 UTC] PHP Notice:  Undefined index: tab in C:\Apache24\htdocs\Editor\jscripts\tiny_mce\plugins\openmanager\index.php on line 54
[29-Nov-2017 05:17:34 UTC] PHP Notice:  Undefined index: tab in C:\Apache24\htdocs\Editor\jscripts\tiny_mce\plugins\openmanager\index.php on line 54
[29-Nov-2017 06:08:29 UTC] PHP Notice:  Undefined index: tab in C:\Apache24\htdocs\Editor\jscripts\tiny_mce\plugins\openmanager\index.php on line 54
[29-Nov-2017 06:09:49 UTC] PHP Notice:  Undefined index: tab in C:\Apache24\htdocs\Editor\jscripts\tiny_mce\plugins\openmanager\index.php on line 54
[29-Nov-2017 06:11:00 UTC] PHP Notice:  Undefined index: tab in C:\Apache24\htdocs\Editor\jscripts\tiny_mce\plugins\openmanager\index.php on line 54
[29-Nov-2017 06:27:04 UTC] PHP Notice:  Undefined index: tab in C:\Apache24\htdocs\Editor\jscripts\tiny_mce\plugins\openmanager\index.php on line 54
[29-Nov-2017 08:08:19 UTC] PHP Notice:  Undefined index: tab in C:\Apache24\htdocs\Editor\jscripts\tiny_mce\plugins\openmanager\index.php on line 54
[02-Dec-2017 04:48:57 UTC] PHP Notice:  Undefined index: tab in C:\Apache24\htdocs\Editor\jscripts\tiny_mce\plugins\openmanager\index.php on line 54
[02-Dec-2017 04:53:52 UTC] PHP Notice:  Undefined index: tab in C:\Apache24\htdocs\Editor\jscripts\tiny_mce\plugins\openmanager\index.php on line 54
[02-Dec-2017 05:01:17 UTC] PHP Notice:  Undefined index: tab in C:\Apache24\htdocs\Editor\jscripts\tiny_mce\plugins\openmanager\index.php on line 54
[02-Dec-2017 05:08:54 UTC] PHP Notice:  Undefined index: tab in C:\Apache24\htdocs\Editor\jscripts\tiny_mce\plugins\openmanager\index.php on line 54
[02-Dec-2017 06:16:45 UTC] PHP Notice:  Undefined index: tab in C:\Apache24\htdocs\Editor\jscripts\tiny_mce\plugins\openmanager\index.php on line 54
[02-Dec-2017 06:23:21 UTC] PHP Notice:  Undefined index: tab in C:\Apache24\htdocs\Editor\jscripts\tiny_mce\plugins\openmanager\index.php on line 54
[02-Dec-2017 06:24:23 UTC] PHP Notice:  Undefined index: tab in C:\Apache24\htdocs\Editor\jscripts\tiny_mce\plugins\openmanager\index.php on line 54
[02-Dec-2017 06:29:34 UTC] PHP Notice:  Undefined index: tab in C:\Apache24\htdocs\Editor\jscripts\tiny_mce\plugins\openmanager\index.php on line 54
[02-Dec-2017 06:31:23 UTC] PHP Notice:  Undefined index: tab in C:\Apache24\htdocs\Editor\jscripts\tiny_mce\plugins\openmanager\index.php on line 54
[02-Dec-2017 06:35:05 UTC] PHP Notice:  Undefined index: tab in C:\Apache24\htdocs\Editor\jscripts\tiny_mce\plugins\openmanager\index.php on line 54
[02-Dec-2017 06:38:04 UTC] PHP Notice:  Undefined index: tab in C:\Apache24\htdocs\Editor\jscripts\tiny_mce\plugins\openmanager\index.php on line 54
[02-Dec-2017 06:43:11 UTC] PHP Notice:  Undefined index: tab in C:\Apache24\htdocs\Editor\jscripts\tiny_mce\plugins\openmanager\index.php on line 54
[02-Dec-2017 06:50:42 UTC] PHP Notice:  Undefined index: tab in C:\Apache24\htdocs\Editor\jscripts\tiny_mce\plugins\openmanager\index.php on line 54
[02-Dec-2017 06:52:20 UTC] PHP Notice:  Undefined index: tab in C:\Apache24\htdocs\Editor\jscripts\tiny_mce\plugins\openmanager\index.php on line 54
[02-Dec-2017 06:54:39 UTC] PHP Notice:  Undefined index: tab in C:\Apache24\htdocs\Editor\jscripts\tiny_mce\plugins\openmanager\index.php on line 54
[02-Dec-2017 06:57:31 UTC] PHP Notice:  Undefined index: tab in C:\Apache24\htdocs\Editor\jscripts\tiny_mce\plugins\openmanager\index.php on line 54
[03-Dec-2017 04:29:32 UTC] PHP Notice:  Undefined index: tab in C:\Apache24\htdocs\Editor\jscripts\tiny_mce\plugins\openmanager\index.php on line 54
[03-Dec-2017 04:50:03 UTC] PHP Notice:  Undefined index: tab in C:\Apache24\htdocs\Editor\jscripts\tiny_mce\plugins\openmanager\index.php on line 54
[03-Dec-2017 07:21:11 UTC] PHP Notice:  Undefined index: tab in C:\Apache24\htdocs\Editor\jscripts\tiny_mce\plugins\openmanager\index.php on line 54
[03-Dec-2017 07:24:53 UTC] PHP Notice:  Undefined index: tab in C:\Apache24\htdocs\Editor\jscripts\tiny_mce\plugins\openmanager\index.php on line 54
[03-Dec-2017 07:31:27 UTC] PHP Notice:  Undefined index: tab in C:\Apache24\htdocs\Editor\jscripts\tiny_mce\plugins\openmanager\index.php on line 54
[03-Dec-2017 07:40:39 UTC] PHP Notice:  Undefined index: tab in C:\Apache24\htdocs\Editor\jscripts\tiny_mce\plugins\openmanager\index.php on line 54
[03-Dec-2017 07:44:30 UTC] PHP Notice:  Undefined index: tab in C:\Apache24\htdocs\Editor\jscripts\tiny_mce\plugins\openmanager\index.php on line 54
[04-Dec-2017 10:07:23 UTC] PHP Notice:  Undefined index: tab in C:\Apache24\htdocs\Editor\jscripts\tiny_mce\plugins\openmanager\index.php on line 54
[05-Dec-2017 05:31:07 UTC] PHP Notice:  Undefined index: tab in C:\Apache24\htdocs\Editor\jscripts\tiny_mce\plugins\openmanager\index.php on line 54
[05-Dec-2017 05:37:28 UTC] PHP Notice:  Undefined index: tab in C:\Apache24\htdocs\Editor\jscripts\tiny_mce\plugins\openmanager\index.php on line 54
[05-Dec-2017 05:40:27 UTC] PHP Notice:  Undefined index: tab in C:\Apache24\htdocs\Editor\jscripts\tiny_mce\plugins\openmanager\index.php on line 54
[05-Dec-2017 06:17:42 UTC] PHP Notice:  Undefined index: tab in C:\Apache24\htdocs\Editor\jscripts\tiny_mce\plugins\openmanager\index.php on line 54
[05-Dec-2017 06:18:15 UTC] PHP Notice:  Undefined index: tab in C:\Apache24\htdocs\Editor\jscripts\tiny_mce\plugins\openmanager\index.php on line 54
[05-Dec-2017 06:18:59 UTC] PHP Notice:  Undefined index: tab in C:\Apache24\htdocs\Editor\jscripts\tiny_mce\plugins\openmanager\index.php on line 54
[05-Dec-2017 06:19:47 UTC] PHP Notice:  Undefined index: tab in C:\Apache24\htdocs\Editor\jscripts\tiny_mce\plugins\openmanager\index.php on line 54
[06-Dec-2017 04:57:39 UTC] PHP Notice:  Undefined index: tab in C:\Apache24\htdocs\Editor\jscripts\tiny_mce\plugins\openmanager\index.php on line 54
[06-Dec-2017 07:06:21 UTC] PHP Notice:  Undefined index: tab in C:\Apache24\htdocs\Editor\jscripts\tiny_mce\plugins\openmanager\index.php on line 54
[06-Dec-2017 10:40:08 UTC] PHP Notice:  Undefined index: tab in C:\Apache24\htdocs\Editor\jscripts\tiny_mce\plugins\openmanager\index.php on line 54
[06-Dec-2017 10:45:43 UTC] PHP Notice:  Undefined index: tab in C:\Apache24\htdocs\Editor\jscripts\tiny_mce\plugins\openmanager\index.php on line 54
[06-Dec-2017 10:51:48 UTC] PHP Notice:  Undefined index: tab in C:\Apache24\htdocs\Editor\jscripts\tiny_mce\plugins\openmanager\index.php on line 54
[06-Dec-2017 10:52:19 UTC] PHP Notice:  Undefined index: tab in C:\Apache24\htdocs\Editor\jscripts\tiny_mce\plugins\openmanager\index.php on line 54
[06-Dec-2017 10:52:55 UTC] PHP Notice:  Undefined index: tab in C:\Apache24\htdocs\Editor\jscripts\tiny_mce\plugins\openmanager\index.php on line 54
[06-Dec-2017 10:54:17 UTC] PHP Notice:  Undefined index: tab in C:\Apache24\htdocs\Editor\jscripts\tiny_mce\plugins\openmanager\index.php on line 54
[06-Dec-2017 11:29:13 UTC] PHP Notice:  Undefined index: tab in C:\Apache24\htdocs\Editor\jscripts\tiny_mce\plugins\openmanager\index.php on line 54
[06-Dec-2017 11:29:56 UTC] PHP Notice:  Undefined index: tab in C:\Apache24\htdocs\Editor\jscripts\tiny_mce\plugins\openmanager\index.php on line 54
[06-Dec-2017 12:04:39 UTC] PHP Notice:  Undefined index: tab in C:\Apache24\htdocs\Editor\jscripts\tiny_mce\plugins\openmanager\index.php on line 54
[06-Dec-2017 12:05:13 UTC] PHP Notice:  Undefined index: tab in C:\Apache24\htdocs\Editor\jscripts\tiny_mce\plugins\openmanager\index.php on line 54
[06-Dec-2017 12:05:33 UTC] PHP Notice:  Undefined index: tab in C:\Apache24\htdocs\Editor\jscripts\tiny_mce\plugins\openmanager\index.php on line 54
[06-Dec-2017 12:05:56 UTC] PHP Notice:  Undefined index: tab in C:\Apache24\htdocs\Editor\jscripts\tiny_mce\plugins\openmanager\index.php on line 54
[06-Dec-2017 12:13:41 UTC] PHP Notice:  Undefined index: tab in C:\Apache24\htdocs\Editor\jscripts\tiny_mce\plugins\openmanager\index.php on line 54
[06-Dec-2017 12:17:34 UTC] PHP Notice:  Undefined index: tab in C:\Apache24\htdocs\Editor\jscripts\tiny_mce\plugins\openmanager\index.php on line 54
[06-Dec-2017 12:36:24 UTC] PHP Notice:  Undefined index: tab in C:\Apache24\htdocs\Editor\jscripts\tiny_mce\plugins\openmanager\index.php on line 54
[06-Dec-2017 12:36:40 UTC] PHP Notice:  Undefined index: tab in C:\Apache24\htdocs\Editor\jscripts\tiny_mce\plugins\openmanager\index.php on line 54
[06-Dec-2017 12:37:06 UTC] PHP Notice:  Undefined index: tab in C:\Apache24\htdocs\Editor\jscripts\tiny_mce\plugins\openmanager\index.php on line 54
[06-Dec-2017 12:37:27 UTC] PHP Notice:  Undefined index: tab in C:\Apache24\htdocs\Editor\jscripts\tiny_mce\plugins\openmanager\index.php on line 54
[06-Dec-2017 12:37:48 UTC] PHP Notice:  Undefined index: tab in C:\Apache24\htdocs\Editor\jscripts\tiny_mce\plugins\openmanager\index.php on line 54
[06-Dec-2017 12:38:13 UTC] PHP Notice:  Undefined index: tab in C:\Apache24\htdocs\Editor\jscripts\tiny_mce\plugins\openmanager\index.php on line 54
[06-Dec-2017 12:38:49 UTC] PHP Notice:  Undefined index: tab in C:\Apache24\htdocs\Editor\jscripts\tiny_mce\plugins\openmanager\index.php on line 54
[06-Dec-2017 12:39:11 UTC] PHP Notice:  Undefined index: tab in C:\Apache24\htdocs\Editor\jscripts\tiny_mce\plugins\openmanager\index.php on line 54
[06-Dec-2017 12:39:28 UTC] PHP Notice:  Undefined index: tab in C:\Apache24\htdocs\Editor\jscripts\tiny_mce\plugins\openmanager\index.php on line 54
[06-Dec-2017 12:39:46 UTC] PHP Notice:  Undefined index: tab in C:\Apache24\htdocs\Editor\jscripts\tiny_mce\plugins\openmanager\index.php on line 54
[06-Dec-2017 12:40:07 UTC] PHP Notice:  Undefined index: tab in C:\Apache24\htdocs\Editor\jscripts\tiny_mce\plugins\openmanager\index.php on line 54
[06-Dec-2017 12:40:22 UTC] PHP Notice:  Undefined index: tab in C:\Apache24\htdocs\Editor\jscripts\tiny_mce\plugins\openmanager\index.php on line 54
[06-Dec-2017 12:40:41 UTC] PHP Notice:  Undefined index: tab in C:\Apache24\htdocs\Editor\jscripts\tiny_mce\plugins\openmanager\index.php on line 54
[06-Dec-2017 12:41:04 UTC] PHP Notice:  Undefined index: tab in C:\Apache24\htdocs\Editor\jscripts\tiny_mce\plugins\openmanager\index.php on line 54
[06-Dec-2017 12:41:28 UTC] PHP Notice:  Undefined index: tab in C:\Apache24\htdocs\Editor\jscripts\tiny_mce\plugins\openmanager\index.php on line 54
[06-Dec-2017 12:41:56 UTC] PHP Notice:  Undefined index: tab in C:\Apache24\htdocs\Editor\jscripts\tiny_mce\plugins\openmanager\index.php on line 54
[06-Dec-2017 16:50:14 UTC] PHP Notice:  Undefined index: tab in C:\Apache24\htdocs\Editor\jscripts\tiny_mce\plugins\openmanager\index.php on line 54
[06-Dec-2017 16:51:51 UTC] PHP Notice:  Undefined index: tab in C:\Apache24\htdocs\Editor\jscripts\tiny_mce\plugins\openmanager\index.php on line 54
[06-Dec-2017 16:52:52 UTC] PHP Notice:  Undefined index: tab in C:\Apache24\htdocs\Editor\jscripts\tiny_mce\plugins\openmanager\index.php on line 54
[06-Dec-2017 17:01:04 UTC] PHP Notice:  Undefined index: tab in C:\Apache24\htdocs\Editor\jscripts\tiny_mce\plugins\openmanager\index.php on line 54
[06-Dec-2017 17:05:26 UTC] PHP Notice:  Undefined index: tab in C:\Apache24\htdocs\Editor\jscripts\tiny_mce\plugins\openmanager\index.php on line 54
[06-Dec-2017 17:22:55 UTC] PHP Notice:  Undefined index: tab in C:\Apache24\htdocs\Editor\jscripts\tiny_mce\plugins\openmanager\index.php on line 54
[06-Dec-2017 17:23:55 UTC] PHP Notice:  Undefined index: tab in C:\Apache24\htdocs\Editor\jscripts\tiny_mce\plugins\openmanager\index.php on line 54
[06-Dec-2017 17:24:50 UTC] PHP Notice:  Undefined index: tab in C:\Apache24\htdocs\Editor\jscripts\tiny_mce\plugins\openmanager\index.php on line 54
[06-Dec-2017 17:25:41 UTC] PHP Notice:  Undefined index: tab in C:\Apache24\htdocs\Editor\jscripts\tiny_mce\plugins\openmanager\index.php on line 54
[06-Dec-2017 17:26:34 UTC] PHP Notice:  Undefined index: tab in C:\Apache24\htdocs\Editor\jscripts\tiny_mce\plugins\openmanager\index.php on line 54
[06-Dec-2017 17:27:39 UTC] PHP Notice:  Undefined index: tab in C:\Apache24\htdocs\Editor\jscripts\tiny_mce\plugins\openmanager\index.php on line 54
[06-Dec-2017 17:34:49 UTC] PHP Notice:  Undefined index: tab in C:\Apache24\htdocs\Editor\jscripts\tiny_mce\plugins\openmanager\index.php on line 54
[06-Dec-2017 17:35:51 UTC] PHP Notice:  Undefined index: tab in C:\Apache24\htdocs\Editor\jscripts\tiny_mce\plugins\openmanager\index.php on line 54
[06-Dec-2017 17:43:02 UTC] PHP Notice:  Undefined index: tab in C:\Apache24\htdocs\Editor\jscripts\tiny_mce\plugins\openmanager\index.php on line 54
[06-Dec-2017 17:48:56 UTC] PHP Notice:  Undefined index: tab in C:\Apache24\htdocs\Editor\jscripts\tiny_mce\plugins\openmanager\index.php on line 54
[06-Dec-2017 17:51:56 UTC] PHP Notice:  Undefined index: tab in C:\Apache24\htdocs\Editor\jscripts\tiny_mce\plugins\openmanager\index.php on line 54
[06-Dec-2017 17:57:29 UTC] PHP Notice:  Undefined index: tab in C:\Apache24\htdocs\Editor\jscripts\tiny_mce\plugins\openmanager\index.php on line 54
[06-Dec-2017 18:10:04 UTC] PHP Notice:  Undefined index: tab in C:\Apache24\htdocs\Editor\jscripts\tiny_mce\plugins\openmanager\index.php on line 54
[06-Dec-2017 18:22:28 UTC] PHP Notice:  Undefined index: tab in C:\Apache24\htdocs\Editor\jscripts\tiny_mce\plugins\openmanager\index.php on line 54
[06-Dec-2017 18:23:28 UTC] PHP Notice:  Undefined index: tab in C:\Apache24\htdocs\Editor\jscripts\tiny_mce\plugins\openmanager\index.php on line 54
[06-Dec-2017 18:32:10 UTC] PHP Notice:  Undefined index: tab in C:\Apache24\htdocs\Editor\jscripts\tiny_mce\plugins\openmanager\index.php on line 54
[06-Dec-2017 18:33:05 UTC] PHP Notice:  Undefined index: tab in C:\Apache24\htdocs\Editor\jscripts\tiny_mce\plugins\openmanager\index.php on line 54
[06-Dec-2017 18:39:10 UTC] PHP Notice:  Undefined index: tab in C:\Apache24\htdocs\Editor\jscripts\tiny_mce\plugins\openmanager\index.php on line 54
[06-Dec-2017 18:40:15 UTC] PHP Notice:  Undefined index: tab in C:\Apache24\htdocs\Editor\jscripts\tiny_mce\plugins\openmanager\index.php on line 54
[06-Dec-2017 18:48:16 UTC] PHP Notice:  Undefined index: tab in C:\Apache24\htdocs\Editor\jscripts\tiny_mce\plugins\openmanager\index.php on line 54
[06-Dec-2017 18:49:16 UTC] PHP Notice:  Undefined index: tab in C:\Apache24\htdocs\Editor\jscripts\tiny_mce\plugins\openmanager\index.php on line 54
[10-Dec-2017 05:44:28 UTC] PHP Notice:  Undefined index: tab in C:\Apache24\htdocs\Editor\jscripts\tiny_mce\plugins\openmanager\index.php on line 54
[10-Dec-2017 05:49:45 UTC] PHP Notice:  Undefined index: tab in C:\Apache24\htdocs\Editor\jscripts\tiny_mce\plugins\openmanager\index.php on line 54
[10-Dec-2017 06:03:18 UTC] PHP Notice:  Undefined index: tab in C:\Apache24\htdocs\Editor\jscripts\tiny_mce\plugins\openmanager\index.php on line 54
[11-Dec-2017 05:02:26 UTC] PHP Notice:  Undefined index: tab in C:\Apache24\htdocs\Editor\jscripts\tiny_mce\plugins\openmanager\index.php on line 54
[11-Dec-2017 05:03:48 UTC] PHP Notice:  Undefined index: tab in C:\Apache24\htdocs\Editor\jscripts\tiny_mce\plugins\openmanager\index.php on line 54
[13-Dec-2017 06:05:55 UTC] PHP Notice:  Undefined index: tab in C:\Apache24\htdocs\Editor\jscripts\tiny_mce\plugins\openmanager\index.php on line 54
[13-Dec-2017 06:23:18 UTC] PHP Notice:  Undefined index: tab in C:\Apache24\htdocs\Editor\jscripts\tiny_mce\plugins\openmanager\index.php on line 54
[19-Dec-2017 07:54:13 UTC] PHP Notice:  Undefined index: tab in C:\Apache24\htdocs\Editor\jscripts\tiny_mce\plugins\openmanager\index.php on line 54
[19-Dec-2017 08:27:37 UTC] PHP Notice:  Undefined index: tab in C:\Apache24\htdocs\Editor\jscripts\tiny_mce\plugins\openmanager\index.php on line 54
[19-Dec-2017 08:27:51 UTC] PHP Notice:  Undefined index: tab in C:\Apache24\htdocs\Editor\jscripts\tiny_mce\plugins\openmanager\index.php on line 54
[19-Dec-2017 08:29:09 UTC] PHP Notice:  Undefined index: tab in C:\Apache24\htdocs\Editor\jscripts\tiny_mce\plugins\openmanager\index.php on line 54
[19-Dec-2017 08:31:10 UTC] PHP Notice:  Undefined index: tab in C:\Apache24\htdocs\Editor\jscripts\tiny_mce\plugins\openmanager\index.php on line 54
[01-Jan-2018 07:40:04 UTC] PHP Notice:  Undefined index: tab in C:\Apache24\htdocs\Editor\jscripts\tiny_mce\plugins\openmanager\index.php on line 54
[01-Jan-2018 07:48:40 UTC] PHP Notice:  Undefined index: tab in C:\Apache24\htdocs\Editor\jscripts\tiny_mce\plugins\openmanager\index.php on line 54
[16-Jan-2018 10:40:52 UTC] PHP Notice:  Undefined index: tab in C:\Apache24\htdocs\Editor\jscripts\tiny_mce\plugins\openmanager\index.php on line 54
[20-Jan-2018 08:56:59 UTC] PHP Notice:  Undefined index: tab in C:\Apache24\htdocs\Editor\jscripts\tiny_mce\plugins\openmanager\index.php on line 54
[20-Jan-2018 09:21:46 UTC] PHP Notice:  Undefined index: tab in C:\Apache24\htdocs\Editor\jscripts\tiny_mce\plugins\openmanager\index.php on line 54
[20-Jan-2018 09:46:07 UTC] PHP Notice:  Undefined index: tab in C:\Apache24\htdocs\Editor\jscripts\tiny_mce\plugins\openmanager\index.php on line 54
[20-Jan-2018 09:53:16 UTC] PHP Notice:  Undefined index: tab in C:\Apache24\htdocs\Editor\jscripts\tiny_mce\plugins\openmanager\index.php on line 54
[20-Jan-2018 10:14:32 UTC] PHP Notice:  Undefined index: tab in C:\Apache24\htdocs\Editor\jscripts\tiny_mce\plugins\openmanager\index.php on line 54
[20-Jan-2018 10:19:58 UTC] PHP Notice:  Undefined index: tab in C:\Apache24\htdocs\Editor\jscripts\tiny_mce\plugins\openmanager\index.php on line 54
[20-Jan-2018 10:21:54 UTC] PHP Notice:  Undefined index: tab in C:\Apache24\htdocs\Editor\jscripts\tiny_mce\plugins\openmanager\index.php on line 54
[20-Jan-2018 10:22:19 UTC] PHP Notice:  Undefined index: tab in C:\Apache24\htdocs\Editor\jscripts\tiny_mce\plugins\openmanager\index.php on line 54
[20-Jan-2018 10:22:45 UTC] PHP Notice:  Undefined index: tab in C:\Apache24\htdocs\Editor\jscripts\tiny_mce\plugins\openmanager\index.php on line 54
[20-Jan-2018 10:23:14 UTC] PHP Notice:  Undefined index: tab in C:\Apache24\htdocs\Editor\jscripts\tiny_mce\plugins\openmanager\index.php on line 54
[20-Jan-2018 10:23:36 UTC] PHP Notice:  Undefined index: tab in C:\Apache24\htdocs\Editor\jscripts\tiny_mce\plugins\openmanager\index.php on line 54
[20-Jan-2018 10:24:02 UTC] PHP Notice:  Undefined index: tab in C:\Apache24\htdocs\Editor\jscripts\tiny_mce\plugins\openmanager\index.php on line 54
[20-Jan-2018 10:24:44 UTC] PHP Notice:  Undefined index: tab in C:\Apache24\htdocs\Editor\jscripts\tiny_mce\plugins\openmanager\index.php on line 54
[20-Jan-2018 10:25:07 UTC] PHP Notice:  Undefined index: tab in C:\Apache24\htdocs\Editor\jscripts\tiny_mce\plugins\openmanager\index.php on line 54
[20-Jan-2018 10:25:30 UTC] PHP Notice:  Undefined index: tab in C:\Apache24\htdocs\Editor\jscripts\tiny_mce\plugins\openmanager\index.php on line 54
[20-Jan-2018 10:25:52 UTC] PHP Notice:  Undefined index: tab in C:\Apache24\htdocs\Editor\jscripts\tiny_mce\plugins\openmanager\index.php on line 54
[20-Jan-2018 10:26:21 UTC] PHP Notice:  Undefined index: tab in C:\Apache24\htdocs\Editor\jscripts\tiny_mce\plugins\openmanager\index.php on line 54
[20-Jan-2018 10:37:39 UTC] PHP Notice:  Undefined index: tab in C:\Apache24\htdocs\Editor\jscripts\tiny_mce\plugins\openmanager\index.php on line 54
[20-Jan-2018 10:43:02 UTC] PHP Notice:  Undefined index: tab in C:\Apache24\htdocs\Editor\jscripts\tiny_mce\plugins\openmanager\index.php on line 54
[20-Jan-2018 10:48:33 UTC] PHP Notice:  Undefined index: tab in C:\Apache24\htdocs\Editor\jscripts\tiny_mce\plugins\openmanager\index.php on line 54
[20-Jan-2018 11:01:33 UTC] PHP Notice:  Undefined index: tab in C:\Apache24\htdocs\Editor\jscripts\tiny_mce\plugins\openmanager\index.php on line 54
[20-Jan-2018 11:10:56 UTC] PHP Notice:  Undefined index: tab in C:\Apache24\htdocs\Editor\jscripts\tiny_mce\plugins\openmanager\index.php on line 54
[20-Jan-2018 11:11:29 UTC] PHP Notice:  Undefined index: tab in C:\Apache24\htdocs\Editor\jscripts\tiny_mce\plugins\openmanager\index.php on line 54
[20-Jan-2018 11:11:48 UTC] PHP Notice:  Undefined index: tab in C:\Apache24\htdocs\Editor\jscripts\tiny_mce\plugins\openmanager\index.php on line 54
[20-Jan-2018 11:12:13 UTC] PHP Notice:  Undefined index: tab in C:\Apache24\htdocs\Editor\jscripts\tiny_mce\plugins\openmanager\index.php on line 54
[20-Jan-2018 11:12:29 UTC] PHP Notice:  Undefined index: tab in C:\Apache24\htdocs\Editor\jscripts\tiny_mce\plugins\openmanager\index.php on line 54
[20-Jan-2018 11:27:29 UTC] PHP Notice:  Undefined index: tab in C:\Apache24\htdocs\Editor\jscripts\tiny_mce\plugins\openmanager\index.php on line 54
[21-Jan-2018 07:20:57 UTC] PHP Notice:  Undefined index: tab in C:\Apache24\htdocs\Editor\jscripts\tiny_mce\plugins\openmanager\index.php on line 54
[21-Jan-2018 07:22:07 UTC] PHP Notice:  Undefined index: tab in C:\Apache24\htdocs\Editor\jscripts\tiny_mce\plugins\openmanager\index.php on line 54
[21-Jan-2018 07:23:01 UTC] PHP Notice:  Undefined index: tab in C:\Apache24\htdocs\Editor\jscripts\tiny_mce\plugins\openmanager\index.php on line 54
[21-Jan-2018 07:23:53 UTC] PHP Notice:  Undefined index: tab in C:\Apache24\htdocs\Editor\jscripts\tiny_mce\plugins\openmanager\index.php on line 54
[21-Jan-2018 07:51:24 UTC] PHP Notice:  Undefined index: tab in C:\Apache24\htdocs\Editor\jscripts\tiny_mce\plugins\openmanager\index.php on line 54
[21-Jan-2018 07:56:42 UTC] PHP Notice:  Undefined index: tab in C:\Apache24\htdocs\Editor\jscripts\tiny_mce\plugins\openmanager\index.php on line 54
[21-Jan-2018 08:01:18 UTC] PHP Notice:  Undefined index: tab in C:\Apache24\htdocs\Editor\jscripts\tiny_mce\plugins\openmanager\index.php on line 54
[21-Jan-2018 08:28:21 UTC] PHP Notice:  Undefined index: tab in C:\Apache24\htdocs\Editor\jscripts\tiny_mce\plugins\openmanager\index.php on line 54
[21-Jan-2018 08:30:01 UTC] PHP Notice:  Undefined index: tab in C:\Apache24\htdocs\Editor\jscripts\tiny_mce\plugins\openmanager\index.php on line 54
[21-Jan-2018 08:35:55 UTC] PHP Notice:  Undefined index: tab in C:\Apache24\htdocs\Editor\jscripts\tiny_mce\plugins\openmanager\index.php on line 54
[22-Jan-2018 06:13:58 UTC] PHP Notice:  Undefined index: tab in C:\Apache24\htdocs\Editor\jscripts\tiny_mce\plugins\openmanager\index.php on line 54
[22-Jan-2018 06:24:24 UTC] PHP Notice:  Undefined index: tab in C:\Apache24\htdocs\Editor\jscripts\tiny_mce\plugins\openmanager\index.php on line 54
[23-Jan-2018 06:42:41 UTC] PHP Notice:  Undefined index: tab in C:\Apache24\htdocs\Editor\jscripts\tiny_mce\plugins\openmanager\index.php on line 54
[23-Jan-2018 06:47:45 UTC] PHP Notice:  Undefined index: tab in C:\Apache24\htdocs\Editor\jscripts\tiny_mce\plugins\openmanager\index.php on line 54
[27-Jan-2018 07:30:45 UTC] PHP Notice:  Undefined index: tab in C:\Apache24\htdocs\Editor\jscripts\tiny_mce\plugins\openmanager\index.php on line 54
[27-Jan-2018 07:34:01 UTC] PHP Notice:  Undefined index: tab in C:\Apache24\htdocs\Editor\jscripts\tiny_mce\plugins\openmanager\index.php on line 54
[27-Jan-2018 07:38:48 UTC] PHP Notice:  Undefined index: tab in C:\Apache24\htdocs\Editor\jscripts\tiny_mce\plugins\openmanager\index.php on line 54
[27-Jan-2018 07:42:27 UTC] PHP Notice:  Undefined index: tab in C:\Apache24\htdocs\Editor\jscripts\tiny_mce\plugins\openmanager\index.php on line 54
[06-Feb-2018 08:58:16 UTC] PHP Notice:  Undefined index: tab in C:\Apache24\htdocs\Editor\jscripts\tiny_mce\plugins\openmanager\index.php on line 54
[06-Feb-2018 09:05:51 UTC] PHP Notice:  Undefined index: tab in C:\Apache24\htdocs\Editor\jscripts\tiny_mce\plugins\openmanager\index.php on line 54
[08-Feb-2018 18:32:38 UTC] PHP Notice:  Undefined index: tab in C:\Apache24\htdocs\Editor\jscripts\tiny_mce\plugins\openmanager\index.php on line 54
[08-Feb-2018 18:33:38 UTC] PHP Notice:  Undefined index: tab in C:\Apache24\htdocs\Editor\jscripts\tiny_mce\plugins\openmanager\index.php on line 54
[03-Mar-2018 04:33:21 UTC] PHP Notice:  Undefined index: tab in C:\Apache24\htdocs\Editor\jscripts\tiny_mce\plugins\openmanager\index.php on line 54
[03-Mar-2018 04:34:36 UTC] PHP Notice:  Undefined index: tab in C:\Apache24\htdocs\Editor\jscripts\tiny_mce\plugins\openmanager\index.php on line 54
[05-Mar-2018 05:49:43 UTC] PHP Notice:  Undefined index: tab in C:\Apache24\htdocs\Editor\jscripts\tiny_mce\plugins\openmanager\index.php on line 54
[05-Mar-2018 05:50:52 UTC] PHP Notice:  Undefined index: tab in C:\Apache24\htdocs\Editor\jscripts\tiny_mce\plugins\openmanager\index.php on line 54
[05-Mar-2018 07:14:51 UTC] PHP Notice:  Undefined index: tab in C:\Apache24\htdocs\Editor\jscripts\tiny_mce\plugins\openmanager\index.php on line 54
[05-Mar-2018 07:16:10 UTC] PHP Notice:  Undefined index: tab in C:\Apache24\htdocs\Editor\jscripts\tiny_mce\plugins\openmanager\index.php on line 54
[06-Mar-2018 07:32:02 UTC] PHP Notice:  Undefined index: tab in C:\Apache24\htdocs\Editor\jscripts\tiny_mce\plugins\openmanager\index.php on line 54
[06-Mar-2018 07:45:32 UTC] PHP Notice:  Undefined index: tab in C:\Apache24\htdocs\Editor\jscripts\tiny_mce\plugins\openmanager\index.php on line 54
[06-Mar-2018 07:49:41 UTC] PHP Notice:  Undefined index: tab in C:\Apache24\htdocs\Editor\jscripts\tiny_mce\plugins\openmanager\index.php on line 54
[12-Mar-2018 06:58:23 UTC] PHP Notice:  Undefined index: tab in C:\Apache24\htdocs\Editor\jscripts\tiny_mce\plugins\openmanager\index.php on line 54
[12-Mar-2018 07:15:07 UTC] PHP Notice:  Undefined index: tab in C:\Apache24\htdocs\Editor\jscripts\tiny_mce\plugins\openmanager\index.php on line 54
[12-Mar-2018 07:33:20 UTC] PHP Notice:  Undefined index: tab in C:\Apache24\htdocs\Editor\jscripts\tiny_mce\plugins\openmanager\index.php on line 54
[12-Mar-2018 07:48:10 UTC] PHP Notice:  Undefined index: tab in C:\Apache24\htdocs\Editor\jscripts\tiny_mce\plugins\openmanager\index.php on line 54
[26-Mar-2018 08:58:33 UTC] PHP Notice:  Undefined index: tab in C:\Apache24\htdocs\Editor\jscripts\tiny_mce\plugins\openmanager\index.php on line 54
[09-Apr-2018 05:56:59 UTC] PHP Notice:  Undefined index: tab in C:\Apache24\htdocs\Editor\jscripts\tiny_mce\plugins\openmanager\index.php on line 54
[14-Apr-2018 10:37:03 UTC] PHP Notice:  Undefined index: tab in C:\Apache24\htdocs\Editor\jscripts\tiny_mce\plugins\openmanager\index.php on line 54
[14-Apr-2018 10:38:06 UTC] PHP Notice:  Undefined index: tab in C:\Apache24\htdocs\Editor\jscripts\tiny_mce\plugins\openmanager\index.php on line 54
[15-Apr-2018 04:51:52 UTC] PHP Notice:  Undefined index: tab in C:\Apache24\htdocs\Editor\jscripts\tiny_mce\plugins\openmanager\index.php on line 54
[15-Apr-2018 04:53:12 UTC] PHP Notice:  Undefined index: tab in C:\Apache24\htdocs\Editor\jscripts\tiny_mce\plugins\openmanager\index.php on line 54
[24-Apr-2018 10:15:25 UTC] PHP Notice:  Undefined index: tab in C:\Apache24\htdocs\Editor\jscripts\tiny_mce\plugins\openmanager\index.php on line 54
[24-Apr-2018 10:20:24 UTC] PHP Notice:  Undefined index: tab in C:\Apache24\htdocs\Editor\jscripts\tiny_mce\plugins\openmanager\index.php on line 54
[24-Apr-2018 10:24:27 UTC] PHP Notice:  Undefined index: tab in C:\Apache24\htdocs\Editor\jscripts\tiny_mce\plugins\openmanager\index.php on line 54
[24-Apr-2018 10:31:27 UTC] PHP Notice:  Undefined index: tab in C:\Apache24\htdocs\Editor\jscripts\tiny_mce\plugins\openmanager\index.php on line 54
[24-Apr-2018 10:33:13 UTC] PHP Notice:  Undefined index: tab in C:\Apache24\htdocs\Editor\jscripts\tiny_mce\plugins\openmanager\index.php on line 54
[12-May-2018 07:54:28 UTC] PHP Notice:  Undefined index: tab in C:\Apache24\htdocs\Editor\jscripts\tiny_mce\plugins\openmanager\index.php on line 54
[16-May-2018 03:56:33 UTC] PHP Notice:  Undefined index: tab in C:\Apache24\htdocs\Editor\jscripts\tiny_mce\plugins\openmanager\index.php on line 54
[16-May-2018 04:43:18 UTC] PHP Notice:  Undefined index: tab in C:\Apache24\htdocs\Editor\jscripts\tiny_mce\plugins\openmanager\index.php on line 54
[16-May-2018 04:44:03 UTC] PHP Notice:  Undefined index: tab in C:\Apache24\htdocs\Editor\jscripts\tiny_mce\plugins\openmanager\index.php on line 54
[29-May-2018 03:02:10 UTC] PHP Notice:  Undefined index: tab in C:\Apache24\htdocs\Editor\jscripts\tiny_mce\plugins\openmanager\index.php on line 54
[29-May-2018 03:02:59 UTC] PHP Notice:  Undefined index: tab in C:\Apache24\htdocs\Editor\jscripts\tiny_mce\plugins\openmanager\index.php on line 54
[02-Jun-2018 08:26:25 UTC] PHP Notice:  Undefined index: tab in C:\Apache24\htdocs\Editor\jscripts\tiny_mce\plugins\openmanager\index.php on line 54
[03-Jun-2018 03:02:14 UTC] PHP Notice:  Undefined index: tab in C:\Apache24\htdocs\Editor\jscripts\tiny_mce\plugins\openmanager\index.php on line 54
[10-Jun-2018 05:14:39 UTC] PHP Notice:  Undefined index: tab in C:\Apache24\htdocs\Editor\jscripts\tiny_mce\plugins\openmanager\index.php on line 54
[10-Jun-2018 05:15:17 UTC] PHP Notice:  Undefined index: tab in C:\Apache24\htdocs\Editor\jscripts\tiny_mce\plugins\openmanager\index.php on line 54
[11-Jun-2018 04:35:18 UTC] PHP Notice:  Undefined index: tab in C:\Apache24\htdocs\Editor\jscripts\tiny_mce\plugins\openmanager\index.php on line 54
[11-Jun-2018 04:39:30 UTC] PHP Notice:  Undefined index: tab in C:\Apache24\htdocs\Editor\jscripts\tiny_mce\plugins\openmanager\index.php on line 54
[11-Jun-2018 04:40:55 UTC] PHP Notice:  Undefined index: tab in C:\Apache24\htdocs\Editor\jscripts\tiny_mce\plugins\openmanager\index.php on line 54
[11-Jun-2018 06:37:04 UTC] PHP Notice:  Undefined index: tab in C:\Apache24\htdocs\Editor\jscripts\tiny_mce\plugins\openmanager\index.php on line 54
[11-Jun-2018 06:38:00 UTC] PHP Notice:  Undefined index: tab in C:\Apache24\htdocs\Editor\jscripts\tiny_mce\plugins\openmanager\index.php on line 54
[11-Jun-2018 06:38:37 UTC] PHP Notice:  Undefined index: tab in C:\Apache24\htdocs\Editor\jscripts\tiny_mce\plugins\openmanager\index.php on line 54
[27-Jun-2018 09:36:25 UTC] PHP Notice:  Undefined index: tab in C:\Apache24\htdocs\Editor\jscripts\tiny_mce\plugins\openmanager\index.php on line 54
[17-Jul-2018 08:17:15 UTC] PHP Notice:  Undefined index: tab in C:\Apache24\htdocs\Editor\jscripts\tiny_mce\plugins\openmanager\index.php on line 54
[17-Jul-2018 08:20:12 UTC] PHP Notice:  Undefined index: tab in C:\Apache24\htdocs\Editor\jscripts\tiny_mce\plugins\openmanager\index.php on line 54
[17-Jul-2018 08:22:21 UTC] PHP Notice:  Undefined index: tab in C:\Apache24\htdocs\Editor\jscripts\tiny_mce\plugins\openmanager\index.php on line 54
[17-Jul-2018 08:23:29 UTC] PHP Notice:  Undefined index: tab in C:\Apache24\htdocs\Editor\jscripts\tiny_mce\plugins\openmanager\index.php on line 54
[17-Jul-2018 08:38:04 UTC] PHP Notice:  Undefined index: tab in C:\Apache24\htdocs\Editor\jscripts\tiny_mce\plugins\openmanager\index.php on line 54
[21-Jul-2018 07:55:25 UTC] PHP Notice:  Undefined index: tab in C:\Apache24\htdocs\Editor\jscripts\tiny_mce\plugins\openmanager\index.php on line 54
[11-Aug-2018 09:39:07 UTC] PHP Notice:  Undefined index: tab in C:\Apache24\htdocs\Editor\jscripts\tiny_mce\plugins\openmanager\index.php on line 54
[11-Aug-2018 09:39:56 UTC] PHP Notice:  Undefined index: tab in C:\Apache24\htdocs\Editor\jscripts\tiny_mce\plugins\openmanager\index.php on line 54
[12-Sep-2018 06:05:58 UTC] PHP Notice:  Undefined index: tab in C:\Apache24\htdocs\Editor\jscripts\tiny_mce\plugins\openmanager\index.php on line 54
[12-Sep-2018 06:17:48 UTC] PHP Notice:  Undefined index: tab in C:\Apache24\htdocs\Editor\jscripts\tiny_mce\plugins\openmanager\index.php on line 54
[12-Sep-2018 06:22:13 UTC] PHP Notice:  Undefined index: tab in C:\Apache24\htdocs\Editor\jscripts\tiny_mce\plugins\openmanager\index.php on line 54
[12-Sep-2018 06:22:50 UTC] PHP Notice:  Undefined index: tab in C:\Apache24\htdocs\Editor\jscripts\tiny_mce\plugins\openmanager\index.php on line 54
[12-Sep-2018 06:24:30 UTC] PHP Notice:  Undefined index: tab in C:\Apache24\htdocs\Editor\jscripts\tiny_mce\plugins\openmanager\index.php on line 54
[02-Oct-2018 06:43:13 UTC] PHP Notice:  Undefined index: tab in C:\Apache24\htdocs\Editor\jscripts\tiny_mce\plugins\openmanager\index.php on line 54
[13-Oct-2018 05:47:28 UTC] PHP Notice:  Undefined index: tab in C:\Apache24\htdocs\Editor\jscripts\tiny_mce\plugins\openmanager\index.php on line 54
[13-Oct-2018 05:48:03 UTC] PHP Notice:  Undefined index: tab in C:\Apache24\htdocs\Editor\jscripts\tiny_mce\plugins\openmanager\index.php on line 54
[13-Oct-2018 05:49:20 UTC] PHP Notice:  Undefined index: tab in C:\Apache24\htdocs\Editor\jscripts\tiny_mce\plugins\openmanager\index.php on line 54
[13-Oct-2018 05:50:07 UTC] PHP Notice:  Undefined index: tab in C:\Apache24\htdocs\Editor\jscripts\tiny_mce\plugins\openmanager\index.php on line 54
[28-Oct-2018 04:59:07 UTC] PHP Notice:  Undefined index: tab in C:\Apache24\htdocs\Editor\jscripts\tiny_mce\plugins\openmanager\index.php on line 54
[28-Oct-2018 05:06:23 UTC] PHP Notice:  Undefined index: tab in C:\Apache24\htdocs\Editor\jscripts\tiny_mce\plugins\openmanager\index.php on line 54
[28-Oct-2018 07:52:27 UTC] PHP Notice:  Undefined index: tab in C:\Apache24\htdocs\Editor\jscripts\tiny_mce\plugins\openmanager\index.php on line 54
[28-Oct-2018 08:25:15 UTC] PHP Notice:  Undefined index: tab in C:\Apache24\htdocs\Editor\jscripts\tiny_mce\plugins\openmanager\index.php on line 54
[03-Nov-2018 06:20:39 UTC] PHP Notice:  Undefined index: tab in C:\Apache24\htdocs\Editor\jscripts\tiny_mce\plugins\openmanager\index.php on line 54
[09-Dec-2018 11:25:25 UTC] PHP Notice:  Undefined index: tab in C:\Apache24\htdocs\Editor\jscripts\tiny_mce\plugins\openmanager\index.php on line 54
[09-Dec-2018 11:26:06 UTC] PHP Notice:  Undefined index: tab in C:\Apache24\htdocs\Editor\jscripts\tiny_mce\plugins\openmanager\index.php on line 54
[12-Dec-2018 11:15:03 UTC] PHP Notice:  Undefined index: tab in C:\Apache24\htdocs\Editor\jscripts\tiny_mce\plugins\openmanager\index.php on line 54
[15-Dec-2018 04:17:36 UTC] PHP Notice:  Undefined index: tab in C:\Apache24\htdocs\Editor\jscripts\tiny_mce\plugins\openmanager\index.php on line 54
[15-Dec-2018 04:18:23 UTC] PHP Notice:  Undefined index: tab in C:\Apache24\htdocs\Editor\jscripts\tiny_mce\plugins\openmanager\index.php on line 54
[15-Dec-2018 04:18:42 UTC] PHP Notice:  Undefined index: tab in C:\Apache24\htdocs\Editor\jscripts\tiny_mce\plugins\openmanager\index.php on line 54
[15-Dec-2018 04:18:59 UTC] PHP Notice:  Undefined index: tab in C:\Apache24\htdocs\Editor\jscripts\tiny_mce\plugins\openmanager\index.php on line 54
[15-Dec-2018 04:19:18 UTC] PHP Notice:  Undefined index: tab in C:\Apache24\htdocs\Editor\jscripts\tiny_mce\plugins\openmanager\index.php on line 54
[15-Dec-2018 04:19:35 UTC] PHP Notice:  Undefined index: tab in C:\Apache24\htdocs\Editor\jscripts\tiny_mce\plugins\openmanager\index.php on line 54
[15-Dec-2018 04:19:54 UTC] PHP Notice:  Undefined index: tab in C:\Apache24\htdocs\Editor\jscripts\tiny_mce\plugins\openmanager\index.php on line 54
[15-Dec-2018 04:20:11 UTC] PHP Notice:  Undefined index: tab in C:\Apache24\htdocs\Editor\jscripts\tiny_mce\plugins\openmanager\index.php on line 54
[15-Dec-2018 04:20:31 UTC] PHP Notice:  Undefined index: tab in C:\Apache24\htdocs\Editor\jscripts\tiny_mce\plugins\openmanager\index.php on line 54
[15-Dec-2018 04:20:46 UTC] PHP Notice:  Undefined index: tab in C:\Apache24\htdocs\Editor\jscripts\tiny_mce\plugins\openmanager\index.php on line 54
[15-Dec-2018 04:21:06 UTC] PHP Notice:  Undefined index: tab in C:\Apache24\htdocs\Editor\jscripts\tiny_mce\plugins\openmanager\index.php on line 54
[15-Dec-2018 04:21:27 UTC] PHP Notice:  Undefined index: tab in C:\Apache24\htdocs\Editor\jscripts\tiny_mce\plugins\openmanager\index.php on line 54
[15-Dec-2018 04:21:47 UTC] PHP Notice:  Undefined index: tab in C:\Apache24\htdocs\Editor\jscripts\tiny_mce\plugins\openmanager\index.php on line 54
[15-Dec-2018 04:22:03 UTC] PHP Notice:  Undefined index: tab in C:\Apache24\htdocs\Editor\jscripts\tiny_mce\plugins\openmanager\index.php on line 54
[15-Dec-2018 04:22:15 UTC] PHP Notice:  Undefined index: tab in C:\Apache24\htdocs\Editor\jscripts\tiny_mce\plugins\openmanager\index.php on line 54
[15-Dec-2018 04:22:29 UTC] PHP Notice:  Undefined index: tab in C:\Apache24\htdocs\Editor\jscripts\tiny_mce\plugins\openmanager\index.php on line 54
[15-Dec-2018 04:22:51 UTC] PHP Notice:  Undefined index: tab in C:\Apache24\htdocs\Editor\jscripts\tiny_mce\plugins\openmanager\index.php on line 54
[15-Dec-2018 04:23:06 UTC] PHP Notice:  Undefined index: tab in C:\Apache24\htdocs\Editor\jscripts\tiny_mce\plugins\openmanager\index.php on line 54
[15-Dec-2018 04:24:08 UTC] PHP Notice:  Undefined index: tab in C:\Apache24\htdocs\Editor\jscripts\tiny_mce\plugins\openmanager\index.php on line 54
[17-Dec-2018 10:45:44 UTC] PHP Notice:  Undefined index: tab in C:\Apache24\htdocs\Editor\jscripts\tiny_mce\plugins\openmanager\index.php on line 54
[13-Jan-2019 04:36:47 UTC] PHP Notice:  Undefined index: tab in C:\Apache24\htdocs\Editor\jscripts\tiny_mce\plugins\openmanager\index.php on line 54
[14-Jan-2019 04:54:33 UTC] PHP Notice:  Undefined index: tab in C:\Apache24\htdocs\Editor\jscripts\tiny_mce\plugins\openmanager\index.php on line 54
[16-Jan-2019 04:22:19 UTC] PHP Notice:  Undefined index: tab in C:\Apache24\htdocs\Editor\jscripts\tiny_mce\plugins\openmanager\index.php on line 54
[19-Jan-2019 10:28:50 UTC] PHP Notice:  Undefined index: tab in C:\Apache24\htdocs\Editor\jscripts\tiny_mce\plugins\openmanager\index.php on line 54
[20-Jan-2019 06:29:32 UTC] PHP Notice:  Undefined index: tab in C:\Apache24\htdocs\Editor\jscripts\tiny_mce\plugins\openmanager\index.php on line 54
[20-Jan-2019 06:33:19 UTC] PHP Notice:  Undefined index: tab in C:\Apache24\htdocs\Editor\jscripts\tiny_mce\plugins\openmanager\index.php on line 54
[21-Jan-2019 09:36:06 UTC] PHP Notice:  Undefined index: tab in C:\Apache24\htdocs\Editor\jscripts\tiny_mce\plugins\openmanager\index.php on line 54
[28-Jan-2019 04:03:41 UTC] PHP Notice:  Undefined index: tab in C:\Apache24\htdocs\Editor\jscripts\tiny_mce\plugins\openmanager\index.php on line 54
[03-Feb-2019 08:02:25 UTC] PHP Notice:  Undefined index: tab in C:\Apache24\htdocs\Editor\jscripts\tiny_mce\plugins\openmanager\index.php on line 54
[04-Feb-2019 05:05:57 UTC] PHP Notice:  Undefined index: tab in C:\Apache24\htdocs\Editor\jscripts\tiny_mce\plugins\openmanager\index.php on line 54
[04-Feb-2019 05:11:05 UTC] PHP Notice:  Undefined index: tab in C:\Apache24\htdocs\Editor\jscripts\tiny_mce\plugins\openmanager\index.php on line 54
[06-Feb-2019 06:12:23 UTC] PHP Notice:  Undefined index: tab in C:\Apache24\htdocs\Editor\jscripts\tiny_mce\plugins\openmanager\index.php on line 54
[09-Feb-2019 04:01:20 UTC] PHP Notice:  Undefined index: tab in C:\Apache24\htdocs\Editor\jscripts\tiny_mce\plugins\openmanager\index.php on line 54
[18-Feb-2019 04:34:18 UTC] PHP Notice:  Undefined index: tab in C:\Apache24\htdocs\Editor\jscripts\tiny_mce\plugins\openmanager\index.php on line 54
[18-Feb-2019 04:34:22 UTC] PHP Notice:  Undefined index: tab in C:\Apache24\htdocs\Editor\jscripts\tiny_mce\plugins\openmanager\index.php on line 54
[26-Feb-2019 05:23:19 UTC] PHP Notice:  Undefined index: tab in C:\Apache24\htdocs\Editor\jscripts\tiny_mce\plugins\openmanager\index.php on line 54
[02-Mar-2019 05:59:37 UTC] PHP Notice:  Undefined index: tab in C:\Apache24\htdocs\Editor\jscripts\tiny_mce\plugins\openmanager\index.php on line 54
[03-Mar-2019 12:01:54 UTC] PHP Notice:  Undefined index: tab in C:\Apache24\htdocs\Editor\jscripts\tiny_mce\plugins\openmanager\index.php on line 54
[05-Mar-2019 05:54:49 UTC] PHP Notice:  Undefined index: tab in C:\Apache24\htdocs\Editor\jscripts\tiny_mce\plugins\openmanager\index.php on line 54
[05-Mar-2019 05:55:24 UTC] PHP Notice:  Undefined index: tab in C:\Apache24\htdocs\Editor\jscripts\tiny_mce\plugins\openmanager\index.php on line 54
[05-Mar-2019 05:56:24 UTC] PHP Notice:  Undefined index: tab in C:\Apache24\htdocs\Editor\jscripts\tiny_mce\plugins\openmanager\index.php on line 54
[05-Mar-2019 06:06:50 UTC] PHP Notice:  Undefined index: tab in C:\Apache24\htdocs\Editor\jscripts\tiny_mce\plugins\openmanager\index.php on line 54
[05-Mar-2019 06:08:24 UTC] PHP Notice:  Undefined index: tab in C:\Apache24\htdocs\Editor\jscripts\tiny_mce\plugins\openmanager\index.php on line 54
[05-Mar-2019 06:12:04 UTC] PHP Notice:  Undefined index: tab in C:\Apache24\htdocs\Editor\jscripts\tiny_mce\plugins\openmanager\index.php on line 54
[05-Mar-2019 06:13:12 UTC] PHP Notice:  Undefined index: tab in C:\Apache24\htdocs\Editor\jscripts\tiny_mce\plugins\openmanager\index.php on line 54
[05-Mar-2019 06:15:27 UTC] PHP Notice:  Undefined index: tab in C:\Apache24\htdocs\Editor\jscripts\tiny_mce\plugins\openmanager\index.php on line 54
[05-Mar-2019 06:16:20 UTC] PHP Notice:  Undefined index: tab in C:\Apache24\htdocs\Editor\jscripts\tiny_mce\plugins\openmanager\index.php on line 54
[05-Mar-2019 06:17:54 UTC] PHP Notice:  Undefined index: tab in C:\Apache24\htdocs\Editor\jscripts\tiny_mce\plugins\openmanager\index.php on line 54
[05-Mar-2019 06:18:08 UTC] PHP Notice:  Undefined index: tab in C:\Apache24\htdocs\Editor\jscripts\tiny_mce\plugins\openmanager\index.php on line 54
[13-Mar-2019 07:24:36 UTC] PHP Notice:  Undefined index: tab in C:\Apache24\htdocs\Editor\jscripts\tiny_mce\plugins\openmanager\index.php on line 54
[13-Mar-2019 07:25:22 UTC] PHP Notice:  Undefined index: tab in C:\Apache24\htdocs\Editor\jscripts\tiny_mce\plugins\openmanager\index.php on line 54
[13-Mar-2019 11:14:56 UTC] PHP Notice:  Undefined index: tab in C:\Apache24\htdocs\Editor\jscripts\tiny_mce\plugins\openmanager\index.php on line 54
[13-Mar-2019 11:20:35 UTC] PHP Notice:  Undefined index: tab in C:\Apache24\htdocs\Editor\jscripts\tiny_mce\plugins\openmanager\index.php on line 54
[13-Mar-2019 11:21:00 UTC] PHP Notice:  Undefined index: tab in C:\Apache24\htdocs\Editor\jscripts\tiny_mce\plugins\openmanager\index.php on line 54
[13-Mar-2019 11:22:42 UTC] PHP Notice:  Undefined index: tab in C:\Apache24\htdocs\Editor\jscripts\tiny_mce\plugins\openmanager\index.php on line 54
[13-Mar-2019 11:25:11 UTC] PHP Notice:  Undefined index: tab in C:\Apache24\htdocs\Editor\jscripts\tiny_mce\plugins\openmanager\index.php on line 54
[13-Mar-2019 11:27:18 UTC] PHP Notice:  Undefined index: tab in C:\Apache24\htdocs\Editor\jscripts\tiny_mce\plugins\openmanager\index.php on line 54
[13-Mar-2019 11:27:40 UTC] PHP Notice:  Undefined index: tab in C:\Apache24\htdocs\Editor\jscripts\tiny_mce\plugins\openmanager\index.php on line 54
